#! /usr/local/bin/vvp
:ivl_version "11.0 (devel)" "(s20150603-556-g6e49ab10)";
:ivl_delay_selection "TYPICAL";
:vpi_time_precision - 10;
:vpi_module "system";
:vpi_module "vhdl_sys";
:vpi_module "vhdl_textio";
:vpi_module "v2005_math";
:vpi_module "va_math";
S_0x5601477dfb90 .scope module, "Test_Bench" "Test_Bench" 2 6;
 .timescale -9 -10;
v0x560147862220_0 .net "clk16f", 0 0, v0x560147861ad0_0;  1 drivers
v0x5601478622e0_0 .net "clk2f", 0 0, v0x56014785b640_0;  1 drivers
v0x5601478623a0_0 .net "clk2fest", 0 0, v0x5601478611b0_0;  1 drivers
v0x560147862490_0 .net "clk4f", 0 0, v0x56014785b700_0;  1 drivers
v0x560147862580_0 .net "clk4fest", 0 0, v0x560147861250_0;  1 drivers
v0x5601478626c0_0 .net "clkf", 0 0, v0x56014785b7d0_0;  1 drivers
v0x5601478627b0_0 .net "clkfest", 0 0, v0x560147861310_0;  1 drivers
v0x5601478628a0_0 .net "reset_L", 0 0, v0x5601478620e0_0;  1 drivers
S_0x5601478330c0 .scope module, "CG" "ClkGenerator" 2 9, 3 1 0, S_0x5601477dfb90;
 .timescale -9 -10;
    .port_info 0 /INPUT 1 "clk16f";
    .port_info 1 /INPUT 1 "reset_L";
    .port_info 2 /OUTPUT 1 "clk4f";
    .port_info 3 /OUTPUT 1 "clk2f";
    .port_info 4 /OUTPUT 1 "clkf";
v0x560147836d80_0 .net "clk16f", 0 0, v0x560147861ad0_0;  alias, 1 drivers
v0x56014785b640_0 .var "clk2f", 0 0;
v0x56014785b700_0 .var "clk4f", 0 0;
v0x56014785b7d0_0 .var "clkf", 0 0;
v0x56014785b890_0 .var "counter1", 0 0;
v0x56014785b9a0_0 .var "counter2", 1 0;
v0x56014785ba80_0 .var "counter3", 2 0;
v0x56014785bb60_0 .net "reset_L", 0 0, v0x5601478620e0_0;  alias, 1 drivers
E_0x560147833430 .event posedge, v0x560147836d80_0;
S_0x56014785bcc0 .scope module, "CGEst" "ClkGeneratorEstructural" 2 17, 4 3 0, S_0x5601477dfb90;
 .timescale -9 -10;
    .port_info 0 /INPUT 1 "clk16f";
    .port_info 1 /INPUT 1 "reset_L";
    .port_info 2 /OUTPUT 1 "clk4f";
    .port_info 3 /OUTPUT 1 "clk2f";
    .port_info 4 /OUTPUT 1 "clkf";
L_0x560147862b70 .functor AND 1, L_0x5601478629e0, L_0x560147862a80, C4<1>, C4<1>;
L_0x560147865c70 .functor NOT 1, v0x560147861250_0, C4<0>, C4<0>, C4<0>;
L_0x560147865dc0 .functor NOT 1, v0x5601478611b0_0, C4<0>, C4<0>, C4<0>;
L_0x560147865ec0 .functor NOT 1, v0x560147861310_0, C4<0>, C4<0>, C4<0>;
L_0x5601478661d0 .functor XOR 1, L_0x560147865fc0, L_0x560147865a70, C4<0>, C4<0>;
L_0x7f2a4abe9450 .functor BUFT 1, C4<1>, C4<0>, C4<0>, C4<0>;
L_0x560147866060 .functor XOR 1, L_0x560147866240, L_0x7f2a4abe9450, C4<0>, C4<0>;
L_0x5601478662e0 .functor XOR 1, L_0x560147866460, L_0x560147866500, C4<0>, C4<0>;
L_0x5601478665a0 .functor AND 1, L_0x560147866730, L_0x5601478667d0, C4<1>, C4<1>;
L_0x560147866870 .functor AND 1, L_0x560147866a10, L_0x560147866ab0, C4<1>, C4<1>;
L_0x7f2a4abe9498 .functor BUFT 1, C4<1>, C4<0>, C4<0>, C4<0>;
L_0x560147864880 .functor XOR 1, L_0x7f2a4abe9498, v0x5601478613d0_0, C4<0>, C4<0>;
L_0x7f2a4abe94e0 .functor BUFT 1, C4<1>, C4<0>, C4<0>, C4<0>;
L_0x560147866b50 .functor XOR 1, L_0x560147866f50, L_0x7f2a4abe94e0, C4<0>, C4<0>;
L_0x560147866ff0 .functor XOR 1, L_0x560147866c60, L_0x560147867240, C4<0>, C4<0>;
v0x56014785bf40_0 .net "_00_", 0 0, L_0x5601478655b0;  1 drivers
v0x56014785c000_0 .net "_01_", 0 0, L_0x5601478658b0;  1 drivers
v0x56014785c0c0_0 .net "_02_", 0 0, L_0x560147865510;  1 drivers
v0x56014785c190_0 .net "_03_", 0 0, L_0x560147864f60;  1 drivers
v0x56014785c250_0 .net "_04_", 1 0, L_0x560147864cd0;  1 drivers
v0x56014785c380_0 .net "_05_", 2 0, L_0x560147863e50;  1 drivers
v0x56014785c460_0 .net "_06_", 31 0, L_0x560147866d00;  1 drivers
v0x56014785c540_0 .net "_07_", 31 0, L_0x560147867700;  1 drivers
v0x56014785c620_0 .net "_08_", 31 0, L_0x5601478674b0;  1 drivers
v0x56014785c790_0 .net "_09_", 15 0, L_0x560147862940;  1 drivers
v0x56014785c870_0 .net "_10_", 0 0, L_0x560147865c70;  1 drivers
v0x56014785c930_0 .net "_11_", 0 0, L_0x560147865dc0;  1 drivers
v0x56014785c9f0_0 .net "_12_", 0 0, L_0x560147865ec0;  1 drivers
v0x56014785cab0_0 .net "_13_", 2 0, L_0x560147863390;  1 drivers
v0x56014785cb90_0 .net "_14_", 1 0, L_0x560147864560;  1 drivers
v0x56014785cc70_0 .net "_15_", 0 0, L_0x560147865180;  1 drivers
v0x56014785cd30_0 .net "_16_", 0 0, L_0x560147865220;  1 drivers
v0x56014785cee0_0 .net "_17_", 0 0, L_0x560147865790;  1 drivers
v0x56014785cf80_0 .net "_18_", 0 0, L_0x5601478659d0;  1 drivers
v0x56014785d020_0 .net *"_s100", 0 0, L_0x560147864ec0;  1 drivers
L_0x7f2a4abe92e8 .functor BUFT 1, C4<0>, C4<0>, C4<0>, C4<0>;
v0x56014785d0e0_0 .net/2u *"_s102", 0 0, L_0x7f2a4abe92e8;  1 drivers
v0x56014785d1c0_0 .net *"_s105", 0 0, L_0x560147864dc0;  1 drivers
L_0x7f2a4abe9330 .functor BUFT 1, C4<0>, C4<0>, C4<0>, C4<0>;
v0x56014785d2a0_0 .net/2u *"_s108", 0 0, L_0x7f2a4abe9330;  1 drivers
v0x56014785d380_0 .net *"_s11", 0 0, L_0x560147862cd0;  1 drivers
v0x56014785d460_0 .net *"_s113", 0 0, L_0x560147865340;  1 drivers
L_0x7f2a4abe9378 .functor BUFT 1, C4<1>, C4<0>, C4<0>, C4<0>;
v0x56014785d540_0 .net/2u *"_s116", 0 0, L_0x7f2a4abe9378;  1 drivers
L_0x7f2a4abe9018 .functor BUFT 1, C4<0>, C4<0>, C4<0>, C4<0>;
v0x56014785d620_0 .net/2u *"_s12", 0 0, L_0x7f2a4abe9018;  1 drivers
v0x56014785d700_0 .net *"_s121", 0 0, L_0x5601478656f0;  1 drivers
L_0x7f2a4abe93c0 .functor BUFT 1, C4<1>, C4<0>, C4<0>, C4<0>;
v0x56014785d7e0_0 .net/2u *"_s124", 0 0, L_0x7f2a4abe93c0;  1 drivers
L_0x7f2a4abe9408 .functor BUFT 1, C4<1>, C4<0>, C4<0>, C4<0>;
v0x56014785d8c0_0 .net/2u *"_s130", 0 0, L_0x7f2a4abe9408;  1 drivers
v0x56014785d9a0_0 .net *"_s143", 0 0, L_0x560147865fc0;  1 drivers
v0x56014785da80_0 .net *"_s145", 0 0, L_0x560147865a70;  1 drivers
v0x56014785db60_0 .net *"_s146", 0 0, L_0x5601478661d0;  1 drivers
v0x56014785ce10_0 .net *"_s15", 0 0, L_0x560147862d70;  1 drivers
v0x56014785de30_0 .net *"_s151", 0 0, L_0x560147866240;  1 drivers
v0x56014785df10_0 .net/2u *"_s152", 0 0, L_0x7f2a4abe9450;  1 drivers
v0x56014785dff0_0 .net *"_s154", 0 0, L_0x560147866060;  1 drivers
v0x56014785e0d0_0 .net *"_s159", 0 0, L_0x560147866460;  1 drivers
v0x56014785e1b0_0 .net *"_s16", 0 0, L_0x560147862e60;  1 drivers
v0x56014785e290_0 .net *"_s161", 0 0, L_0x560147866500;  1 drivers
v0x56014785e370_0 .net *"_s162", 0 0, L_0x5601478662e0;  1 drivers
v0x56014785e450_0 .net *"_s167", 0 0, L_0x560147866730;  1 drivers
v0x56014785e530_0 .net *"_s169", 0 0, L_0x5601478667d0;  1 drivers
v0x56014785e610_0 .net *"_s170", 0 0, L_0x5601478665a0;  1 drivers
v0x56014785e6f0_0 .net *"_s175", 0 0, L_0x560147866a10;  1 drivers
v0x56014785e7d0_0 .net *"_s177", 0 0, L_0x560147866ab0;  1 drivers
v0x56014785e8b0_0 .net *"_s178", 0 0, L_0x560147866870;  1 drivers
v0x56014785e990_0 .net/2u *"_s182", 0 0, L_0x7f2a4abe9498;  1 drivers
v0x56014785ea70_0 .net *"_s184", 0 0, L_0x560147864880;  1 drivers
v0x56014785eb50_0 .net *"_s189", 0 0, L_0x560147866f50;  1 drivers
v0x56014785ec30_0 .net/2u *"_s190", 0 0, L_0x7f2a4abe94e0;  1 drivers
v0x56014785ed10_0 .net *"_s192", 0 0, L_0x560147866b50;  1 drivers
v0x56014785edf0_0 .net *"_s197", 0 0, L_0x560147866c60;  1 drivers
v0x56014785eed0_0 .net *"_s199", 0 0, L_0x560147867240;  1 drivers
v0x56014785efb0_0 .net *"_s200", 0 0, L_0x560147866ff0;  1 drivers
v0x56014785f090_0 .net *"_s21", 0 0, L_0x560147863030;  1 drivers
L_0x7f2a4abe9060 .functor BUFT 1, C4<0>, C4<0>, C4<0>, C4<0>;
v0x56014785f170_0 .net/2u *"_s22", 0 0, L_0x7f2a4abe9060;  1 drivers
o0x7f2a4ac32d38 .functor BUFZ 28, C4<zzzzzzzzzzzzzzzzzzzzzzzzzzzz>; HiZ drive
; Elide local net with no drivers, v0x56014785f250_0 name=_s222
o0x7f2a4ac32d68 .functor BUFZ 29, C4<zzzzzzzzzzzzzzzzzzzzzzzzzzzzz>; HiZ drive
; Elide local net with no drivers, v0x56014785f330_0 name=_s225
v0x56014785f410_0 .net *"_s25", 0 0, L_0x5601478630d0;  1 drivers
v0x56014785f4f0_0 .net *"_s26", 0 0, L_0x560147863200;  1 drivers
v0x56014785f5d0_0 .net *"_s3", 0 0, L_0x5601478629e0;  1 drivers
v0x56014785f6b0_0 .net *"_s32", 0 0, L_0x560147863530;  1 drivers
L_0x7f2a4abe90a8 .functor BUFT 1, C4<0>, C4<0>, C4<0>, C4<0>;
v0x56014785f790_0 .net/2u *"_s33", 0 0, L_0x7f2a4abe90a8;  1 drivers
v0x56014785f870_0 .net *"_s36", 0 0, L_0x5601478635d0;  1 drivers
v0x56014785dc00_0 .net *"_s37", 0 0, L_0x560147863710;  1 drivers
v0x56014785dce0_0 .net *"_s42", 0 0, L_0x5601478638a0;  1 drivers
L_0x7f2a4abe90f0 .functor BUFT 1, C4<0>, C4<0>, C4<0>, C4<0>;
v0x56014785fd20_0 .net/2u *"_s43", 0 0, L_0x7f2a4abe90f0;  1 drivers
v0x56014785fdc0_0 .net *"_s45", 0 0, L_0x560147863a10;  1 drivers
v0x56014785fe80_0 .net *"_s5", 0 0, L_0x560147862a80;  1 drivers
v0x56014785ff60_0 .net *"_s50", 0 0, L_0x560147863b90;  1 drivers
L_0x7f2a4abe9138 .functor BUFT 1, C4<0>, C4<0>, C4<0>, C4<0>;
v0x560147860040_0 .net/2u *"_s51", 0 0, L_0x7f2a4abe9138;  1 drivers
v0x560147860120_0 .net *"_s53", 0 0, L_0x560147863d10;  1 drivers
v0x560147860200_0 .net *"_s59", 0 0, L_0x560147864030;  1 drivers
v0x5601478602e0_0 .net *"_s6", 0 0, L_0x560147862b70;  1 drivers
L_0x7f2a4abe9180 .functor BUFT 1, C4<0>, C4<0>, C4<0>, C4<0>;
v0x5601478603c0_0 .net/2u *"_s60", 0 0, L_0x7f2a4abe9180;  1 drivers
v0x5601478604a0_0 .net *"_s62", 0 0, L_0x5601478640d0;  1 drivers
v0x560147860580_0 .net *"_s67", 0 0, L_0x560147864220;  1 drivers
L_0x7f2a4abe91c8 .functor BUFT 1, C4<0>, C4<0>, C4<0>, C4<0>;
v0x560147860660_0 .net/2u *"_s68", 0 0, L_0x7f2a4abe91c8;  1 drivers
v0x560147860740_0 .net *"_s71", 0 0, L_0x5601478642c0;  1 drivers
v0x560147860820_0 .net *"_s72", 0 0, L_0x560147864170;  1 drivers
v0x560147860900_0 .net *"_s78", 0 0, L_0x5601478643b0;  1 drivers
L_0x7f2a4abe9210 .functor BUFT 1, C4<0>, C4<0>, C4<0>, C4<0>;
v0x5601478609e0_0 .net/2u *"_s79", 0 0, L_0x7f2a4abe9210;  1 drivers
v0x560147860ac0_0 .net *"_s82", 0 0, L_0x560147864720;  1 drivers
v0x560147860ba0_0 .net *"_s83", 0 0, L_0x560147864650;  1 drivers
v0x560147860c80_0 .net *"_s88", 0 0, L_0x560147864a50;  1 drivers
L_0x7f2a4abe9258 .functor BUFT 1, C4<0>, C4<0>, C4<0>, C4<0>;
v0x560147860d60_0 .net/2u *"_s89", 0 0, L_0x7f2a4abe9258;  1 drivers
v0x560147860e40_0 .net *"_s91", 0 0, L_0x560147864c30;  1 drivers
v0x560147860f20_0 .net *"_s97", 0 0, L_0x560147864b40;  1 drivers
L_0x7f2a4abe92a0 .functor BUFT 1, C4<0>, C4<0>, C4<0>, C4<0>;
v0x560147861000_0 .net/2u *"_s98", 0 0, L_0x7f2a4abe92a0;  1 drivers
v0x5601478610e0_0 .net "clk16f", 0 0, v0x560147861ad0_0;  alias, 1 drivers
v0x5601478611b0_0 .var "clk2f", 0 0;
v0x560147861250_0 .var "clk4f", 0 0;
v0x560147861310_0 .var "clkf", 0 0;
v0x5601478613d0_0 .var "counter1", 0 0;
v0x560147861490_0 .var "counter2", 1 0;
v0x560147861570_0 .var "counter3", 2 0;
v0x560147861650_0 .net "reset_L", 0 0, v0x5601478620e0_0;  alias, 1 drivers
L_0x560147862940 .part/pv L_0x560147862b70, 0, 1, 16;
L_0x5601478629e0 .part v0x560147861570_0, 0, 1;
L_0x560147862a80 .part v0x560147861570_0, 1, 1;
L_0x560147862cd0 .part L_0x5601478674b0, 3, 1;
L_0x560147862d70 .part L_0x5601478674b0, 0, 1;
L_0x560147862e60 .functor MUXZ 1, L_0x560147862d70, L_0x7f2a4abe9018, L_0x560147862cd0, C4<>;
L_0x560147863030 .part L_0x5601478674b0, 3, 1;
L_0x5601478630d0 .part L_0x5601478674b0, 1, 1;
L_0x560147863200 .functor MUXZ 1, L_0x5601478630d0, L_0x7f2a4abe9060, L_0x560147863030, C4<>;
L_0x560147863390 .concat8 [ 1 1 1 0], L_0x560147862e60, L_0x560147863200, L_0x560147863710;
L_0x560147863530 .part L_0x5601478674b0, 3, 1;
L_0x5601478635d0 .part L_0x5601478674b0, 2, 1;
L_0x560147863710 .functor MUXZ 1, L_0x5601478635d0, L_0x7f2a4abe90a8, L_0x560147863530, C4<>;
L_0x5601478638a0 .part L_0x560147863390, 0, 1;
L_0x560147863a10 .functor MUXZ 1, L_0x7f2a4abe90f0, L_0x5601478638a0, v0x5601478620e0_0, C4<>;
L_0x560147863b90 .part L_0x560147863390, 1, 1;
L_0x560147863d10 .functor MUXZ 1, L_0x7f2a4abe9138, L_0x560147863b90, v0x5601478620e0_0, C4<>;
L_0x560147863e50 .concat8 [ 1 1 1 0], L_0x560147863a10, L_0x560147863d10, L_0x5601478640d0;
L_0x560147864030 .part L_0x560147863390, 2, 1;
L_0x5601478640d0 .functor MUXZ 1, L_0x7f2a4abe9180, L_0x560147864030, v0x5601478620e0_0, C4<>;
L_0x560147864220 .part L_0x560147867700, 2, 1;
L_0x5601478642c0 .part L_0x560147867700, 0, 1;
L_0x560147864170 .functor MUXZ 1, L_0x5601478642c0, L_0x7f2a4abe91c8, L_0x560147864220, C4<>;
L_0x560147864560 .concat8 [ 1 1 0 0], L_0x560147864170, L_0x560147864650;
L_0x5601478643b0 .part L_0x560147867700, 2, 1;
L_0x560147864720 .part L_0x560147867700, 1, 1;
L_0x560147864650 .functor MUXZ 1, L_0x560147864720, L_0x7f2a4abe9210, L_0x5601478643b0, C4<>;
L_0x560147864a50 .part L_0x560147864560, 0, 1;
L_0x560147864c30 .functor MUXZ 1, L_0x7f2a4abe9258, L_0x560147864a50, v0x5601478620e0_0, C4<>;
L_0x560147864cd0 .concat8 [ 1 1 0 0], L_0x560147864c30, L_0x560147864ec0;
L_0x560147864b40 .part L_0x560147864560, 1, 1;
L_0x560147864ec0 .functor MUXZ 1, L_0x7f2a4abe92a0, L_0x560147864b40, v0x5601478620e0_0, C4<>;
L_0x560147864dc0 .part L_0x560147866d00, 0, 1;
L_0x560147865180 .functor MUXZ 1, L_0x560147864dc0, L_0x7f2a4abe92e8, v0x5601478613d0_0, C4<>;
L_0x560147864f60 .functor MUXZ 1, L_0x7f2a4abe9330, L_0x560147865180, v0x5601478620e0_0, C4<>;
L_0x560147865340 .part L_0x5601478674b0, 3, 1;
L_0x560147865220 .functor MUXZ 1, v0x560147861310_0, L_0x560147865ec0, L_0x560147865340, C4<>;
L_0x560147865510 .functor MUXZ 1, L_0x7f2a4abe9378, L_0x560147865220, v0x5601478620e0_0, C4<>;
L_0x5601478656f0 .part L_0x560147867700, 2, 1;
L_0x560147865790 .functor MUXZ 1, v0x5601478611b0_0, L_0x560147865dc0, L_0x5601478656f0, C4<>;
L_0x5601478655b0 .functor MUXZ 1, L_0x7f2a4abe93c0, L_0x560147865790, v0x5601478620e0_0, C4<>;
L_0x5601478659d0 .functor MUXZ 1, v0x560147861250_0, L_0x560147865c70, v0x5601478613d0_0, C4<>;
L_0x5601478658b0 .functor MUXZ 1, L_0x7f2a4abe9408, L_0x5601478659d0, v0x5601478620e0_0, C4<>;
L_0x560147865fc0 .part v0x560147861570_0, 1, 1;
L_0x560147865a70 .part v0x560147861570_0, 0, 1;
L_0x560147866240 .part v0x560147861570_0, 0, 1;
L_0x560147866460 .part v0x560147861570_0, 2, 1;
L_0x560147866500 .part L_0x560147862940, 0, 1;
L_0x560147866730 .part v0x560147861490_0, 1, 1;
L_0x5601478667d0 .part v0x560147861490_0, 0, 1;
L_0x560147866a10 .part v0x560147861570_0, 2, 1;
L_0x560147866ab0 .part L_0x560147862940, 0, 1;
L_0x560147866d00 .part/pv L_0x560147864880, 0, 1, 32;
L_0x560147866f50 .part v0x560147861490_0, 0, 1;
L_0x560147866c60 .part v0x560147861490_0, 1, 1;
L_0x560147867240 .part v0x560147861490_0, 0, 1;
LS_0x5601478674b0_0_0 .concat [ 1 1 1 1], L_0x560147866060, L_0x5601478661d0, L_0x5601478662e0, L_0x560147866870;
LS_0x5601478674b0_0_4 .concat [ 28 0 0 0], o0x7f2a4ac32d38;
L_0x5601478674b0 .concat [ 4 28 0 0], LS_0x5601478674b0_0_0, LS_0x5601478674b0_0_4;
L_0x560147867700 .concat [ 1 1 1 29], L_0x560147866b50, L_0x560147866ff0, L_0x5601478665a0, o0x7f2a4ac32d68;
S_0x5601478617d0 .scope module, "CG_Probador" "ClkGen_Probador" 2 25, 5 1 0, S_0x5601477dfb90;
 .timescale -9 -10;
    .port_info 0 /INPUT 1 "clk4f";
    .port_info 1 /INPUT 1 "clk2f";
    .port_info 2 /INPUT 1 "clkf";
    .port_info 3 /INPUT 1 "clk4fe";
    .port_info 4 /INPUT 1 "clk2fe";
    .port_info 5 /INPUT 1 "clkfe";
    .port_info 6 /OUTPUT 1 "reset_L";
    .port_info 7 /OUTPUT 1 "clk16f";
v0x560147861ad0_0 .var "clk16f", 0 0;
v0x560147861bc0_0 .net "clk2f", 0 0, v0x56014785b640_0;  alias, 1 drivers
v0x560147861c80_0 .net "clk2fe", 0 0, v0x5601478611b0_0;  alias, 1 drivers
v0x560147861d80_0 .net "clk4f", 0 0, v0x56014785b700_0;  alias, 1 drivers
v0x560147861e50_0 .net "clk4fe", 0 0, v0x560147861250_0;  alias, 1 drivers
v0x560147861f40_0 .net "clkf", 0 0, v0x56014785b7d0_0;  alias, 1 drivers
v0x560147862010_0 .net "clkfe", 0 0, v0x560147861310_0;  alias, 1 drivers
v0x5601478620e0_0 .var "reset_L", 0 0;
    .scope S_0x5601478330c0;
T_0 ;
    %wait E_0x560147833430;
    %load/vec4 v0x56014785bb60_0;
    %nor/r;
    %flag_set/vec4 8;
    %jmp/0xz  T_0.0, 8;
    %pushi/vec4 0, 0, 1;
    %assign/vec4 v0x56014785b890_0, 0;
    %pushi/vec4 0, 0, 2;
    %assign/vec4 v0x56014785b9a0_0, 0;
    %pushi/vec4 0, 0, 3;
    %assign/vec4 v0x56014785ba80_0, 0;
    %pushi/vec4 1, 0, 1;
    %assign/vec4 v0x56014785b700_0, 0;
    %pushi/vec4 1, 0, 1;
    %assign/vec4 v0x56014785b640_0, 0;
    %pushi/vec4 1, 0, 1;
    %assign/vec4 v0x56014785b7d0_0, 0;
    %jmp T_0.1;
T_0.0 ;
    %load/vec4 v0x56014785b890_0;
    %pad/u 32;
    %cmpi/u 1, 0, 32;
    %flag_inv 5; GE is !LT
    %jmp/0xz  T_0.2, 5;
    %load/vec4 v0x56014785b700_0;
    %inv;
    %assign/vec4 v0x56014785b700_0, 0;
    %pushi/vec4 0, 0, 1;
    %assign/vec4 v0x56014785b890_0, 0;
    %jmp T_0.3;
T_0.2 ;
    %load/vec4 v0x56014785b890_0;
    %pad/u 2;
    %addi 1, 0, 2;
    %pad/u 1;
    %assign/vec4 v0x56014785b890_0, 0;
T_0.3 ;
    %load/vec4 v0x56014785b9a0_0;
    %pad/u 32;
    %cmpi/u 3, 0, 32;
    %flag_inv 5; GE is !LT
    %jmp/0xz  T_0.4, 5;
    %load/vec4 v0x56014785b640_0;
    %inv;
    %assign/vec4 v0x56014785b640_0, 0;
    %pushi/vec4 0, 0, 2;
    %assign/vec4 v0x56014785b9a0_0, 0;
    %jmp T_0.5;
T_0.4 ;
    %load/vec4 v0x56014785b9a0_0;
    %addi 1, 0, 2;
    %assign/vec4 v0x56014785b9a0_0, 0;
T_0.5 ;
    %load/vec4 v0x56014785ba80_0;
    %pad/u 32;
    %cmpi/u 7, 0, 32;
    %flag_inv 5; GE is !LT
    %jmp/0xz  T_0.6, 5;
    %load/vec4 v0x56014785b7d0_0;
    %inv;
    %assign/vec4 v0x56014785b7d0_0, 0;
    %pushi/vec4 0, 0, 3;
    %assign/vec4 v0x56014785ba80_0, 0;
    %jmp T_0.7;
T_0.6 ;
    %load/vec4 v0x56014785ba80_0;
    %addi 1, 0, 3;
    %assign/vec4 v0x56014785ba80_0, 0;
T_0.7 ;
T_0.1 ;
    %jmp T_0;
    .thread T_0;
    .scope S_0x56014785bcc0;
T_1 ;
    %wait E_0x560147833430;
    %load/vec4 v0x56014785c000_0;
    %assign/vec4 v0x560147861250_0, 0;
    %jmp T_1;
    .thread T_1;
    .scope S_0x56014785bcc0;
T_2 ;
    %wait E_0x560147833430;
    %load/vec4 v0x56014785bf40_0;
    %assign/vec4 v0x5601478611b0_0, 0;
    %jmp T_2;
    .thread T_2;
    .scope S_0x56014785bcc0;
T_3 ;
    %wait E_0x560147833430;
    %load/vec4 v0x56014785c0c0_0;
    %assign/vec4 v0x560147861310_0, 0;
    %jmp T_3;
    .thread T_3;
    .scope S_0x56014785bcc0;
T_4 ;
    %wait E_0x560147833430;
    %load/vec4 v0x56014785c190_0;
    %assign/vec4 v0x5601478613d0_0, 0;
    %jmp T_4;
    .thread T_4;
    .scope S_0x56014785bcc0;
T_5 ;
    %wait E_0x560147833430;
    %load/vec4 v0x56014785c250_0;
    %parti/s 1, 0, 2;
    %ix/load 4, 0, 0;
    %ix/load 5, 0, 0;
    %flag_set/imm 4, 0;
    %assign/vec4/off/d v0x560147861490_0, 4, 5;
    %jmp T_5;
    .thread T_5;
    .scope S_0x56014785bcc0;
T_6 ;
    %wait E_0x560147833430;
    %load/vec4 v0x56014785c250_0;
    %parti/s 1, 1, 2;
    %ix/load 4, 1, 0;
    %ix/load 5, 0, 0;
    %flag_set/imm 4, 0;
    %assign/vec4/off/d v0x560147861490_0, 4, 5;
    %jmp T_6;
    .thread T_6;
    .scope S_0x56014785bcc0;
T_7 ;
    %wait E_0x560147833430;
    %load/vec4 v0x56014785c380_0;
    %parti/s 1, 0, 2;
    %ix/load 4, 0, 0;
    %ix/load 5, 0, 0;
    %flag_set/imm 4, 0;
    %assign/vec4/off/d v0x560147861570_0, 4, 5;
    %jmp T_7;
    .thread T_7;
    .scope S_0x56014785bcc0;
T_8 ;
    %wait E_0x560147833430;
    %load/vec4 v0x56014785c380_0;
    %parti/s 1, 1, 2;
    %ix/load 4, 1, 0;
    %ix/load 5, 0, 0;
    %flag_set/imm 4, 0;
    %assign/vec4/off/d v0x560147861570_0, 4, 5;
    %jmp T_8;
    .thread T_8;
    .scope S_0x56014785bcc0;
T_9 ;
    %wait E_0x560147833430;
    %load/vec4 v0x56014785c380_0;
    %parti/s 1, 2, 3;
    %ix/load 4, 2, 0;
    %ix/load 5, 0, 0;
    %flag_set/imm 4, 0;
    %assign/vec4/off/d v0x560147861570_0, 4, 5;
    %jmp T_9;
    .thread T_9;
    .scope S_0x5601478617d0;
T_10 ;
    %pushi/vec4 0, 0, 1;
    %assign/vec4 v0x560147861ad0_0, 0;
    %end;
    .thread T_10;
    .scope S_0x5601478617d0;
T_11 ;
    %delay 20, 0;
    %load/vec4 v0x560147861ad0_0;
    %inv;
    %assign/vec4 v0x560147861ad0_0, 0;
    %jmp T_11;
    .thread T_11;
    .scope S_0x5601478617d0;
T_12 ;
    %vpi_call 5 17 "$dumpfile", "ClkGen.vcd" {0 0 0};
    %vpi_call 5 18 "$dumpvars" {0 0 0};
    %pushi/vec4 0, 0, 1;
    %store/vec4 v0x5601478620e0_0, 0, 1;
    %wait E_0x560147833430;
    %pushi/vec4 1, 0, 1;
    %assign/vec4 v0x5601478620e0_0, 0;
    %pushi/vec4 75, 0, 32;
T_12.0 %dup/vec4;
    %pushi/vec4 0, 0, 32;
    %cmp/s;
    %jmp/1xz T_12.1, 5;
    %jmp/1 T_12.1, 4;
    %pushi/vec4 1, 0, 32;
    %sub;
    %wait E_0x560147833430;
    %jmp T_12.0;
T_12.1 ;
    %pop/vec4 1;
    %vpi_call 5 32 "$finish" {0 0 0};
    %end;
    .thread T_12;
# The file index is used to find the file name in the following table.
:file_names 6;
    "N/A";
    "<interactive>";
    "ClkGen_BancoDePruebas.v";
    "./ClkGenerator.v";
    "./ClkGeneratorEstructural.v";
    "./ClkGen_Probador.v";
