#! /usr/local/bin/vvp
:ivl_version "11.0 (devel)" "(s20150603-556-g6e49ab10)";
:ivl_delay_selection "TYPICAL";
:vpi_time_precision - 10;
:vpi_module "system";
:vpi_module "vhdl_sys";
:vpi_module "vhdl_textio";
:vpi_module "v2005_math";
:vpi_module "va_math";
S_0x55f46ec2aeb0 .scope module, "BUF" "BUF" 2 2;
 .timescale -7 -10;
    .port_info 0 /INPUT 1 "A";
    .port_info 1 /OUTPUT 1 "Y";
o0x7fcba420e018 .functor BUFZ 1, C4<z>; HiZ drive
L_0x55f46ec61b50 .functor BUFZ 1, o0x7fcba420e018, C4<0>, C4<0>, C4<0>;
v0x55f46ec37320_0 .net "A", 0 0, o0x7fcba420e018;  0 drivers
v0x55f46ec4e970_0 .net "Y", 0 0, L_0x55f46ec61b50;  1 drivers
S_0x55f46ec1d290 .scope module, "DFFSR" "DFFSR" 2 33;
 .timescale -7 -10;
    .port_info 0 /INPUT 1 "C";
    .port_info 1 /INPUT 1 "D";
    .port_info 2 /OUTPUT 1 "Q";
    .port_info 3 /INPUT 1 "S";
    .port_info 4 /INPUT 1 "R";
o0x7fcba420e0d8 .functor BUFZ 1, C4<z>; HiZ drive
v0x55f46ec4eaf0_0 .net "C", 0 0, o0x7fcba420e0d8;  0 drivers
o0x7fcba420e108 .functor BUFZ 1, C4<z>; HiZ drive
v0x55f46ec4ebd0_0 .net "D", 0 0, o0x7fcba420e108;  0 drivers
v0x55f46ec4ec90_0 .var "Q", 0 0;
o0x7fcba420e168 .functor BUFZ 1, C4<z>; HiZ drive
v0x55f46ec4ed60_0 .net "R", 0 0, o0x7fcba420e168;  0 drivers
o0x7fcba420e198 .functor BUFZ 1, C4<z>; HiZ drive
v0x55f46ec4ee20_0 .net "S", 0 0, o0x7fcba420e198;  0 drivers
E_0x55f46ec4ea90 .event posedge, v0x55f46ec4ed60_0, v0x55f46ec4ee20_0, v0x55f46ec4eaf0_0;
S_0x55f46ec1bde0 .scope module, "Test_Bench" "Test_Bench" 3 9;
 .timescale -7 -10;
v0x55f46ec61170_0 .net "clk16f", 0 0, v0x55f46ec50830_0;  1 drivers
v0x55f46ec5daf0_0 .net "clk2f", 0 0, v0x55f46ec4f3b0_0;  1 drivers
v0x55f46ec61440_0 .net "clk4f", 0 0, v0x55f46ec4f470_0;  1 drivers
v0x55f46ec614e0_0 .net "clkf", 0 0, v0x55f46ec4f540_0;  1 drivers
v0x55f46ec61580_0 .net "paralelo", 8 0, v0x55f46ec50a50_0;  1 drivers
v0x55f46ec61670_0 .net "reset", 0 0, v0x55f46ec50af0_0;  1 drivers
v0x55f46ec61760_0 .net "reset_L", 0 0, v0x55f46ec50bc0_0;  1 drivers
v0x55f46ec61800_0 .net "serial", 8 0, v0x55f46ec522d0_0;  1 drivers
v0x55f46ec618f0_0 .net "serialCond", 1 0, v0x55f46ec50320_0;  1 drivers
v0x55f46ec61ab0_0 .net "spEst", 8 0, L_0x55f46ec769c0;  1 drivers
S_0x55f46ec4efd0 .scope module, "ClkGen" "ClkGenerator" 3 19, 4 1 0, S_0x55f46ec1bde0;
 .timescale -7 -10;
    .port_info 0 /INPUT 1 "clk16f";
    .port_info 1 /INPUT 1 "reset_L";
    .port_info 2 /OUTPUT 1 "clk4f";
    .port_info 3 /OUTPUT 1 "clk2f";
    .port_info 4 /OUTPUT 1 "clkf";
v0x55f46ec4f2d0_0 .net "clk16f", 0 0, v0x55f46ec50830_0;  alias, 1 drivers
v0x55f46ec4f3b0_0 .var "clk2f", 0 0;
v0x55f46ec4f470_0 .var "clk4f", 0 0;
v0x55f46ec4f540_0 .var "clkf", 0 0;
v0x55f46ec4f600_0 .var "counter1", 0 0;
v0x55f46ec4f710_0 .var "counter2", 1 0;
v0x55f46ec4f7f0_0 .var "counter3", 2 0;
v0x55f46ec4f8d0_0 .net "reset_L", 0 0, v0x55f46ec50bc0_0;  alias, 1 drivers
E_0x55f46ec4f250 .event posedge, v0x55f46ec4f2d0_0;
S_0x55f46ec4fa30 .scope module, "PSConductual" "ParaleloSerial" 3 27, 5 1 0, S_0x55f46ec1bde0;
 .timescale -7 -10;
    .port_info 0 /INPUT 1 "clk16f";
    .port_info 1 /INPUT 1 "clk4f";
    .port_info 2 /INPUT 1 "reset";
    .port_info 3 /INPUT 1 "reset_L";
    .port_info 4 /INPUT 9 "paralelo";
    .port_info 5 /OUTPUT 2 "serial";
v0x55f46ec4fd70_0 .net "clk16f", 0 0, v0x55f46ec50830_0;  alias, 1 drivers
v0x55f46ec4fe30_0 .net "clk4f", 0 0, v0x55f46ec4f470_0;  alias, 1 drivers
v0x55f46ec4ff00_0 .var "counterbc", 1 0;
v0x55f46ec4ffd0_0 .var "counterdata", 1 0;
v0x55f46ec50090_0 .net "paralelo", 8 0, v0x55f46ec50a50_0;  alias, 1 drivers
v0x55f46ec501c0_0 .net "reset", 0 0, v0x55f46ec50af0_0;  alias, 1 drivers
v0x55f46ec50280_0 .net "reset_L", 0 0, v0x55f46ec50bc0_0;  alias, 1 drivers
v0x55f46ec50320_0 .var "serial", 1 0;
E_0x55f46ec4fd10 .event edge, v0x55f46ec50090_0, v0x55f46ec4ff00_0, v0x55f46ec4ffd0_0;
S_0x55f46ec504e0 .scope module, "PS_Probador" "ParaleloSerial_Probador" 3 38, 6 1 0, S_0x55f46ec1bde0;
 .timescale -7 -10;
    .port_info 0 /INPUT 2 "serialcond";
    .port_info 1 /INPUT 9 "serial";
    .port_info 2 /INPUT 9 "spEst";
    .port_info 3 /INPUT 1 "clk4f";
    .port_info 4 /OUTPUT 9 "paralelo";
    .port_info 5 /OUTPUT 1 "reset";
    .port_info 6 /OUTPUT 1 "reset_L";
    .port_info 7 /OUTPUT 1 "clk16f";
v0x55f46ec50830_0 .var "clk16f", 0 0;
v0x55f46ec50940_0 .net "clk4f", 0 0, v0x55f46ec4f470_0;  alias, 1 drivers
v0x55f46ec50a50_0 .var "paralelo", 8 0;
v0x55f46ec50af0_0 .var "reset", 0 0;
v0x55f46ec50bc0_0 .var "reset_L", 0 0;
v0x55f46ec50d00_0 .net "serial", 8 0, v0x55f46ec522d0_0;  alias, 1 drivers
v0x55f46ec50da0_0 .net "serialcond", 1 0, v0x55f46ec50320_0;  alias, 1 drivers
v0x55f46ec50e40_0 .net "spEst", 8 0, L_0x55f46ec769c0;  alias, 1 drivers
E_0x55f46ec4fc30 .event posedge, v0x55f46ec4f470_0;
S_0x55f46ec51050 .scope module, "ser1" "serialParalelo" 3 16, 7 5 0, S_0x55f46ec1bde0;
 .timescale -7 -10;
    .port_info 0 /INPUT 1 "clk16";
    .port_info 1 /INPUT 1 "reset16";
    .port_info 2 /INPUT 2 "serial";
    .port_info 3 /OUTPUT 9 "outParalelo";
L_0x55f46ec72050 .functor AND 1, L_0x55f46ec71f60, L_0x55f46ec72420, C4<1>, C4<1>;
v0x55f46ec512d0_0 .net *"_s0", 31 0, L_0x55f46ec61be0;  1 drivers
L_0x7fcba41c50f0 .functor BUFT 1, C4<00>, C4<0>, C4<0>, C4<0>;
v0x55f46ec513d0_0 .net/2s *"_s10", 1 0, L_0x7fcba41c50f0;  1 drivers
v0x55f46ec514b0_0 .net *"_s12", 1 0, L_0x55f46ec71dd0;  1 drivers
L_0x7fcba41c5138 .functor BUFT 1, C4<10111100>, C4<0>, C4<0>, C4<0>;
v0x55f46ec515a0_0 .net/2u *"_s18", 7 0, L_0x7fcba41c5138;  1 drivers
v0x55f46ec51680_0 .net *"_s20", 0 0, L_0x55f46ec72160;  1 drivers
L_0x7fcba41c5180 .functor BUFT 1, C4<01>, C4<0>, C4<0>, C4<0>;
v0x55f46ec51790_0 .net/2s *"_s22", 1 0, L_0x7fcba41c5180;  1 drivers
L_0x7fcba41c51c8 .functor BUFT 1, C4<00>, C4<0>, C4<0>, C4<0>;
v0x55f46ec51870_0 .net/2s *"_s24", 1 0, L_0x7fcba41c51c8;  1 drivers
v0x55f46ec51950_0 .net *"_s26", 1 0, L_0x55f46ec72250;  1 drivers
L_0x7fcba41c5018 .functor BUFT 1, C4<00000000000000000000000000000>, C4<0>, C4<0>, C4<0>;
v0x55f46ec51a30_0 .net *"_s3", 28 0, L_0x7fcba41c5018;  1 drivers
L_0x7fcba41c5060 .functor BUFT 1, C4<00000000000000000000000000000100>, C4<0>, C4<0>, C4<0>;
v0x55f46ec51ba0_0 .net/2u *"_s4", 31 0, L_0x7fcba41c5060;  1 drivers
v0x55f46ec51c80_0 .net *"_s6", 0 0, L_0x55f46ec71c90;  1 drivers
L_0x7fcba41c50a8 .functor BUFT 1, C4<01>, C4<0>, C4<0>, C4<0>;
v0x55f46ec51d40_0 .net/2s *"_s8", 1 0, L_0x7fcba41c50a8;  1 drivers
v0x55f46ec51e20_0 .net "active", 0 0, L_0x55f46ec71f60;  1 drivers
v0x55f46ec51ee0_0 .net "clk16", 0 0, v0x55f46ec50830_0;  alias, 1 drivers
v0x55f46ec51f80_0 .net "com", 0 0, L_0x55f46ec72420;  1 drivers
v0x55f46ec52040_0 .var "contador", 2 0;
v0x55f46ec52120_0 .var "i", 1 0;
v0x55f46ec522d0_0 .var "outParalelo", 8 0;
v0x55f46ec52370_0 .var "paralelo", 7 0;
v0x55f46ec52410_0 .net "reset16", 0 0, v0x55f46ec50bc0_0;  alias, 1 drivers
v0x55f46ec524b0_0 .net "serial", 1 0, v0x55f46ec50320_0;  alias, 1 drivers
v0x55f46ec52570_0 .net "valid", 0 0, L_0x55f46ec72050;  1 drivers
E_0x55f46ec51250 .event edge, v0x55f46ec52120_0, v0x55f46ec50320_0;
L_0x55f46ec61be0 .concat [ 3 29 0 0], v0x55f46ec52040_0, L_0x7fcba41c5018;
L_0x55f46ec71c90 .cmp/ge 32, L_0x55f46ec61be0, L_0x7fcba41c5060;
L_0x55f46ec71dd0 .functor MUXZ 2, L_0x7fcba41c50f0, L_0x7fcba41c50a8, L_0x55f46ec71c90, C4<>;
L_0x55f46ec71f60 .part L_0x55f46ec71dd0, 0, 1;
L_0x55f46ec72160 .cmp/ne 8, v0x55f46ec52370_0, L_0x7fcba41c5138;
L_0x55f46ec72250 .functor MUXZ 2, L_0x7fcba41c51c8, L_0x7fcba41c5180, L_0x55f46ec72160, C4<>;
L_0x55f46ec72420 .part L_0x55f46ec72250, 0, 1;
S_0x55f46ec526b0 .scope module, "ser2" "serialParaleloEst" 3 17, 8 3 0, S_0x55f46ec1bde0;
 .timescale -7 -10;
    .port_info 0 /INPUT 1 "clk16";
    .port_info 1 /INPUT 1 "reset16";
    .port_info 2 /INPUT 2 "serial";
    .port_info 3 /OUTPUT 9 "outParalelo";
v0x55f46ec5fc80_0 .net "_00_", 1 0, L_0x55f46ec76000;  1 drivers
v0x55f46ec5fd60_0 .net "_01_", 8 0, L_0x55f46ec75550;  1 drivers
v0x55f46ec5fe40_0 .net "_02_", 0 0, L_0x55f46ec72560;  1 drivers
v0x55f46ec5ff60_0 .net "_03_", 0 0, L_0x55f46ec726c0;  1 drivers
v0x55f46ec60000_0 .net "_04_", 0 0, L_0x55f46ec53090;  1 drivers
v0x55f46ec60140_0 .net "_05_", 0 0, L_0x55f46ec72930;  1 drivers
v0x55f46ec60230_0 .net "_06_", 0 0, L_0x55f46ec72c70;  1 drivers
v0x55f46ec602d0_0 .net "_07_", 0 0, L_0x55f46ec72d50;  1 drivers
v0x55f46ec603c0_0 .net "_08_", 0 0, L_0x55f46ec73130;  1 drivers
v0x55f46ec604f0_0 .net "_09_", 0 0, L_0x55f46ec73410;  1 drivers
v0x55f46ec60590_0 .net "_10_", 0 0, L_0x55f46ec737d0;  1 drivers
v0x55f46ec60680_0 .net "_11_", 0 0, L_0x55f46ec73b10;  1 drivers
v0x55f46ec60770_0 .net "_12_", 0 0, L_0x55f46ec73ef0;  1 drivers
v0x55f46ec60860_0 .net "_13_", 0 0, L_0x55f46ec742d0;  1 drivers
v0x55f46ec60950_0 .net "_14_", 0 0, L_0x55f46ec5a900;  1 drivers
v0x55f46ec60a40_0 .net "_15_", 0 0, L_0x55f46ec74d80;  1 drivers
v0x55f46ec60b30_0 .net "_16_", 0 0, L_0x55f46ec751f0;  1 drivers
v0x55f46ec60ce0_0 .net "_17_", 0 0, L_0x55f46ec75b60;  1 drivers
v0x55f46ec60dd0_0 .net "clk16", 0 0, v0x55f46ec50830_0;  alias, 1 drivers
v0x55f46ec60e70_0 .net "i", 1 0, L_0x55f46ec76b80;  1 drivers
v0x55f46ec60f10_0 .net "outParalelo", 8 0, L_0x55f46ec769c0;  alias, 1 drivers
v0x55f46ec60fb0_0 .net "reset16", 0 0, v0x55f46ec50bc0_0;  alias, 1 drivers
v0x55f46ec61050_0 .net "serial", 1 0, v0x55f46ec50320_0;  alias, 1 drivers
L_0x55f46ec725d0 .part L_0x55f46ec769c0, 8, 1;
L_0x55f46ec72840 .part L_0x55f46ec76b80, 0, 1;
L_0x55f46ec729a0 .part L_0x55f46ec76b80, 1, 1;
L_0x55f46ec72dc0 .part L_0x55f46ec76b80, 0, 1;
L_0x55f46ec72eb0 .part L_0x55f46ec76b80, 1, 1;
L_0x55f46ec73480 .part L_0x55f46ec769c0, 0, 1;
L_0x55f46ec73840 .part L_0x55f46ec769c0, 1, 1;
L_0x55f46ec73bd0 .part L_0x55f46ec769c0, 2, 1;
L_0x55f46ec73fb0 .part L_0x55f46ec769c0, 3, 1;
L_0x55f46ec74390 .part L_0x55f46ec769c0, 4, 1;
L_0x55f46ec5a970 .part L_0x55f46ec769c0, 5, 1;
L_0x55f46ec74e40 .part L_0x55f46ec769c0, 6, 1;
L_0x55f46ec752b0 .part L_0x55f46ec769c0, 7, 1;
LS_0x55f46ec75550_0_0 .concat8 [ 1 1 1 1], L_0x55f46ec736f0, L_0x55f46ec73a30, L_0x55f46ec73e10, L_0x55f46ec741a0;
LS_0x55f46ec75550_0_4 .concat8 [ 1 1 1 1], L_0x55f46ec5af10, L_0x55f46ec74c50, L_0x55f46ec750c0, L_0x55f46ec754c0;
LS_0x55f46ec75550_0_8 .concat8 [ 1 0 0 0], L_0x55f46ec73330;
L_0x55f46ec75550 .concat8 [ 4 4 1 0], LS_0x55f46ec75550_0_0, LS_0x55f46ec75550_0_4, LS_0x55f46ec75550_0_8;
L_0x55f46ec75a00 .part L_0x55f46ec76b80, 0, 1;
L_0x55f46ec75c20 .part L_0x55f46ec76b80, 0, 1;
L_0x55f46ec75da0 .part L_0x55f46ec76b80, 1, 1;
L_0x55f46ec76000 .concat8 [ 1 1 0 0], L_0x55f46ec75940, L_0x55f46ec75f90;
L_0x55f46ec761e0 .part L_0x55f46ec75550, 0, 1;
L_0x55f46ec76280 .part L_0x55f46ec75550, 1, 1;
L_0x55f46ec76140 .part L_0x55f46ec75550, 2, 1;
L_0x55f46ec76460 .part L_0x55f46ec75550, 3, 1;
L_0x55f46ec76320 .part L_0x55f46ec75550, 4, 1;
L_0x55f46ec765c0 .part L_0x55f46ec75550, 5, 1;
L_0x55f46ec76500 .part L_0x55f46ec75550, 6, 1;
L_0x55f46ec76840 .part L_0x55f46ec75550, 7, 1;
L_0x55f46ec76660 .part L_0x55f46ec75550, 8, 1;
LS_0x55f46ec769c0_0_0 .concat8 [ 1 1 1 1], v0x55f46ec5c800_0, v0x55f46ec5ccb0_0, v0x55f46ec5d1b0_0, v0x55f46ec5d6b0_0;
LS_0x55f46ec769c0_0_4 .concat8 [ 1 1 1 1], v0x55f46ec5dca0_0, v0x55f46ec5e230_0, v0x55f46ec5e730_0, v0x55f46ec5ec30_0;
LS_0x55f46ec769c0_0_8 .concat8 [ 1 0 0 0], v0x55f46ec5f130_0;
L_0x55f46ec769c0 .concat8 [ 4 4 1 0], LS_0x55f46ec769c0_0_0, LS_0x55f46ec769c0_0_4, LS_0x55f46ec769c0_0_8;
L_0x55f46ec768e0 .part L_0x55f46ec76000, 0, 1;
L_0x55f46ec76c70 .part L_0x55f46ec76000, 1, 1;
L_0x55f46ec76b80 .concat8 [ 1 1 0 0], v0x55f46ec5f630_0, v0x55f46ec5fb30_0;
S_0x55f46ec52950 .scope module, "_18_" "NOT" 8 27, 2 8 0, S_0x55f46ec526b0;
 .timescale -7 -10;
    .port_info 0 /INPUT 1 "A";
    .port_info 1 /OUTPUT 1 "Y";
L_0x55f46ec72560 .functor NOT 1, L_0x55f46ec725d0, C4<0>, C4<0>, C4<0>;
v0x55f46ec52bb0_0 .net "A", 0 0, L_0x55f46ec725d0;  1 drivers
v0x55f46ec52c90_0 .net "Y", 0 0, L_0x55f46ec72560;  alias, 1 drivers
S_0x55f46ec52db0 .scope module, "_19_" "NOT" 8 31, 2 8 0, S_0x55f46ec526b0;
 .timescale -7 -10;
    .port_info 0 /INPUT 1 "A";
    .port_info 1 /OUTPUT 1 "Y";
L_0x55f46ec726c0 .functor NOT 1, v0x55f46ec50bc0_0, C4<0>, C4<0>, C4<0>;
v0x55f46ec52fd0_0 .net "A", 0 0, v0x55f46ec50bc0_0;  alias, 1 drivers
v0x55f46ec53120_0 .net "Y", 0 0, L_0x55f46ec726c0;  alias, 1 drivers
S_0x55f46ec53240 .scope module, "_20_" "NOT" 8 35, 2 8 0, S_0x55f46ec526b0;
 .timescale -7 -10;
    .port_info 0 /INPUT 1 "A";
    .port_info 1 /OUTPUT 1 "Y";
L_0x55f46ec53090 .functor NOT 1, L_0x55f46ec72840, C4<0>, C4<0>, C4<0>;
v0x55f46ec53410_0 .net "A", 0 0, L_0x55f46ec72840;  1 drivers
v0x55f46ec534d0_0 .net "Y", 0 0, L_0x55f46ec53090;  alias, 1 drivers
S_0x55f46ec535f0 .scope module, "_21_" "NOT" 8 39, 2 8 0, S_0x55f46ec526b0;
 .timescale -7 -10;
    .port_info 0 /INPUT 1 "A";
    .port_info 1 /OUTPUT 1 "Y";
L_0x55f46ec72930 .functor NOT 1, L_0x55f46ec729a0, C4<0>, C4<0>, C4<0>;
v0x55f46ec53810_0 .net "A", 0 0, L_0x55f46ec729a0;  1 drivers
v0x55f46ec538f0_0 .net "Y", 0 0, L_0x55f46ec72930;  alias, 1 drivers
S_0x55f46ec53a10 .scope module, "_22_" "NOR" 8 43, 2 20 0, S_0x55f46ec526b0;
 .timescale -7 -10;
    .port_info 0 /INPUT 1 "A";
    .port_info 1 /INPUT 1 "B";
    .port_info 2 /OUTPUT 1 "Y";
L_0x55f46ec72ae0 .functor OR 1, L_0x55f46ec53090, L_0x55f46ec72930, C4<0>, C4<0>;
L_0x55f46ec72c70 .functor NOT 1, L_0x55f46ec72ae0, C4<0>, C4<0>, C4<0>;
v0x55f46ec53c90_0 .net "A", 0 0, L_0x55f46ec53090;  alias, 1 drivers
v0x55f46ec53d50_0 .net "B", 0 0, L_0x55f46ec72930;  alias, 1 drivers
v0x55f46ec53e20_0 .net "Y", 0 0, L_0x55f46ec72c70;  alias, 1 drivers
v0x55f46ec53ef0_0 .net *"_s0", 0 0, L_0x55f46ec72ae0;  1 drivers
S_0x55f46ec54010 .scope module, "_23_" "NAND" 8 48, 2 14 0, S_0x55f46ec526b0;
 .timescale -7 -10;
    .port_info 0 /INPUT 1 "A";
    .port_info 1 /INPUT 1 "B";
    .port_info 2 /OUTPUT 1 "Y";
L_0x55f46ec72ce0 .functor AND 1, L_0x55f46ec72dc0, L_0x55f46ec72eb0, C4<1>, C4<1>;
L_0x55f46ec72d50 .functor NOT 1, L_0x55f46ec72ce0, C4<0>, C4<0>, C4<0>;
v0x55f46ec54240_0 .net "A", 0 0, L_0x55f46ec72dc0;  1 drivers
v0x55f46ec54320_0 .net "B", 0 0, L_0x55f46ec72eb0;  1 drivers
v0x55f46ec543e0_0 .net "Y", 0 0, L_0x55f46ec72d50;  alias, 1 drivers
v0x55f46ec544b0_0 .net *"_s0", 0 0, L_0x55f46ec72ce0;  1 drivers
S_0x55f46ec54610 .scope module, "_24_" "NAND" 8 53, 2 14 0, S_0x55f46ec526b0;
 .timescale -7 -10;
    .port_info 0 /INPUT 1 "A";
    .port_info 1 /INPUT 1 "B";
    .port_info 2 /OUTPUT 1 "Y";
L_0x55f46ec73030 .functor AND 1, v0x55f46ec50bc0_0, L_0x55f46ec72d50, C4<1>, C4<1>;
L_0x55f46ec73130 .functor NOT 1, L_0x55f46ec73030, C4<0>, C4<0>, C4<0>;
v0x55f46ec54840_0 .net "A", 0 0, v0x55f46ec50bc0_0;  alias, 1 drivers
v0x55f46ec54900_0 .net "B", 0 0, L_0x55f46ec72d50;  alias, 1 drivers
v0x55f46ec549f0_0 .net "Y", 0 0, L_0x55f46ec73130;  alias, 1 drivers
v0x55f46ec54ac0_0 .net *"_s0", 0 0, L_0x55f46ec73030;  1 drivers
S_0x55f46ec54be0 .scope module, "_25_" "NOR" 8 58, 2 20 0, S_0x55f46ec526b0;
 .timescale -7 -10;
    .port_info 0 /INPUT 1 "A";
    .port_info 1 /INPUT 1 "B";
    .port_info 2 /OUTPUT 1 "Y";
L_0x55f46ec73230 .functor OR 1, L_0x55f46ec72560, L_0x55f46ec73130, C4<0>, C4<0>;
L_0x55f46ec73330 .functor NOT 1, L_0x55f46ec73230, C4<0>, C4<0>, C4<0>;
v0x55f46ec54e10_0 .net "A", 0 0, L_0x55f46ec72560;  alias, 1 drivers
v0x55f46ec54f00_0 .net "B", 0 0, L_0x55f46ec73130;  alias, 1 drivers
v0x55f46ec54fd0_0 .net "Y", 0 0, L_0x55f46ec73330;  1 drivers
v0x55f46ec550a0_0 .net *"_s0", 0 0, L_0x55f46ec73230;  1 drivers
S_0x55f46ec551c0 .scope module, "_26_" "NOR" 8 63, 2 20 0, S_0x55f46ec526b0;
 .timescale -7 -10;
    .port_info 0 /INPUT 1 "A";
    .port_info 1 /INPUT 1 "B";
    .port_info 2 /OUTPUT 1 "Y";
L_0x55f46ec733a0 .functor OR 1, L_0x55f46ec73480, L_0x55f46ec72c70, C4<0>, C4<0>;
L_0x55f46ec73410 .functor NOT 1, L_0x55f46ec733a0, C4<0>, C4<0>, C4<0>;
v0x55f46ec55430_0 .net "A", 0 0, L_0x55f46ec73480;  1 drivers
v0x55f46ec55510_0 .net "B", 0 0, L_0x55f46ec72c70;  alias, 1 drivers
v0x55f46ec55600_0 .net "Y", 0 0, L_0x55f46ec73410;  alias, 1 drivers
v0x55f46ec556d0_0 .net *"_s0", 0 0, L_0x55f46ec733a0;  1 drivers
S_0x55f46ec557f0 .scope module, "_27_" "NOR" 8 68, 2 20 0, S_0x55f46ec526b0;
 .timescale -7 -10;
    .port_info 0 /INPUT 1 "A";
    .port_info 1 /INPUT 1 "B";
    .port_info 2 /OUTPUT 1 "Y";
L_0x55f46ec735f0 .functor OR 1, L_0x55f46ec726c0, L_0x55f46ec73410, C4<0>, C4<0>;
L_0x55f46ec736f0 .functor NOT 1, L_0x55f46ec735f0, C4<0>, C4<0>, C4<0>;
v0x55f46ec55a20_0 .net "A", 0 0, L_0x55f46ec726c0;  alias, 1 drivers
v0x55f46ec55b10_0 .net "B", 0 0, L_0x55f46ec73410;  alias, 1 drivers
v0x55f46ec55be0_0 .net "Y", 0 0, L_0x55f46ec736f0;  1 drivers
v0x55f46ec55cb0_0 .net *"_s0", 0 0, L_0x55f46ec735f0;  1 drivers
S_0x55f46ec55dd0 .scope module, "_28_" "NOR" 8 73, 2 20 0, S_0x55f46ec526b0;
 .timescale -7 -10;
    .port_info 0 /INPUT 1 "A";
    .port_info 1 /INPUT 1 "B";
    .port_info 2 /OUTPUT 1 "Y";
L_0x55f46ec73760 .functor OR 1, L_0x55f46ec73840, L_0x55f46ec72c70, C4<0>, C4<0>;
L_0x55f46ec737d0 .functor NOT 1, L_0x55f46ec73760, C4<0>, C4<0>, C4<0>;
v0x55f46ec56000_0 .net "A", 0 0, L_0x55f46ec73840;  1 drivers
v0x55f46ec560e0_0 .net "B", 0 0, L_0x55f46ec72c70;  alias, 1 drivers
v0x55f46ec561f0_0 .net "Y", 0 0, L_0x55f46ec737d0;  alias, 1 drivers
v0x55f46ec56290_0 .net *"_s0", 0 0, L_0x55f46ec73760;  1 drivers
S_0x55f46ec563d0 .scope module, "_29_" "NOR" 8 78, 2 20 0, S_0x55f46ec526b0;
 .timescale -7 -10;
    .port_info 0 /INPUT 1 "A";
    .port_info 1 /INPUT 1 "B";
    .port_info 2 /OUTPUT 1 "Y";
L_0x55f46ec73930 .functor OR 1, L_0x55f46ec726c0, L_0x55f46ec737d0, C4<0>, C4<0>;
L_0x55f46ec73a30 .functor NOT 1, L_0x55f46ec73930, C4<0>, C4<0>, C4<0>;
v0x55f46ec56600_0 .net "A", 0 0, L_0x55f46ec726c0;  alias, 1 drivers
v0x55f46ec56710_0 .net "B", 0 0, L_0x55f46ec737d0;  alias, 1 drivers
v0x55f46ec567d0_0 .net "Y", 0 0, L_0x55f46ec73a30;  1 drivers
v0x55f46ec568a0_0 .net *"_s0", 0 0, L_0x55f46ec73930;  1 drivers
S_0x55f46ec569c0 .scope module, "_30_" "NOR" 8 83, 2 20 0, S_0x55f46ec526b0;
 .timescale -7 -10;
    .port_info 0 /INPUT 1 "A";
    .port_info 1 /INPUT 1 "B";
    .port_info 2 /OUTPUT 1 "Y";
L_0x55f46ec73aa0 .functor OR 1, L_0x55f46ec73bd0, L_0x55f46ec72c70, C4<0>, C4<0>;
L_0x55f46ec73b10 .functor NOT 1, L_0x55f46ec73aa0, C4<0>, C4<0>, C4<0>;
v0x55f46ec56bf0_0 .net "A", 0 0, L_0x55f46ec73bd0;  1 drivers
v0x55f46ec56cd0_0 .net "B", 0 0, L_0x55f46ec72c70;  alias, 1 drivers
v0x55f46ec56d90_0 .net "Y", 0 0, L_0x55f46ec73b10;  alias, 1 drivers
v0x55f46ec56e60_0 .net *"_s0", 0 0, L_0x55f46ec73aa0;  1 drivers
S_0x55f46ec56fa0 .scope module, "_31_" "NOR" 8 88, 2 20 0, S_0x55f46ec526b0;
 .timescale -7 -10;
    .port_info 0 /INPUT 1 "A";
    .port_info 1 /INPUT 1 "B";
    .port_info 2 /OUTPUT 1 "Y";
L_0x55f46ec73d10 .functor OR 1, L_0x55f46ec726c0, L_0x55f46ec73b10, C4<0>, C4<0>;
L_0x55f46ec73e10 .functor NOT 1, L_0x55f46ec73d10, C4<0>, C4<0>, C4<0>;
v0x55f46ec571d0_0 .net "A", 0 0, L_0x55f46ec726c0;  alias, 1 drivers
v0x55f46ec57290_0 .net "B", 0 0, L_0x55f46ec73b10;  alias, 1 drivers
v0x55f46ec57380_0 .net "Y", 0 0, L_0x55f46ec73e10;  1 drivers
v0x55f46ec57450_0 .net *"_s0", 0 0, L_0x55f46ec73d10;  1 drivers
S_0x55f46ec57570 .scope module, "_32_" "NOR" 8 93, 2 20 0, S_0x55f46ec526b0;
 .timescale -7 -10;
    .port_info 0 /INPUT 1 "A";
    .port_info 1 /INPUT 1 "B";
    .port_info 2 /OUTPUT 1 "Y";
L_0x55f46ec73e80 .functor OR 1, L_0x55f46ec73fb0, L_0x55f46ec72c70, C4<0>, C4<0>;
L_0x55f46ec73ef0 .functor NOT 1, L_0x55f46ec73e80, C4<0>, C4<0>, C4<0>;
v0x55f46ec577a0_0 .net "A", 0 0, L_0x55f46ec73fb0;  1 drivers
v0x55f46ec57880_0 .net "B", 0 0, L_0x55f46ec72c70;  alias, 1 drivers
v0x55f46ec579d0_0 .net "Y", 0 0, L_0x55f46ec73ef0;  alias, 1 drivers
v0x55f46ec57aa0_0 .net *"_s0", 0 0, L_0x55f46ec73e80;  1 drivers
S_0x55f46ec57be0 .scope module, "_33_" "NOR" 8 98, 2 20 0, S_0x55f46ec526b0;
 .timescale -7 -10;
    .port_info 0 /INPUT 1 "A";
    .port_info 1 /INPUT 1 "B";
    .port_info 2 /OUTPUT 1 "Y";
L_0x55f46ec740a0 .functor OR 1, L_0x55f46ec726c0, L_0x55f46ec73ef0, C4<0>, C4<0>;
L_0x55f46ec741a0 .functor NOT 1, L_0x55f46ec740a0, C4<0>, C4<0>, C4<0>;
v0x55f46ec57dc0_0 .net "A", 0 0, L_0x55f46ec726c0;  alias, 1 drivers
v0x55f46ec57f10_0 .net "B", 0 0, L_0x55f46ec73ef0;  alias, 1 drivers
v0x55f46ec58000_0 .net "Y", 0 0, L_0x55f46ec741a0;  1 drivers
v0x55f46ec580d0_0 .net *"_s0", 0 0, L_0x55f46ec740a0;  1 drivers
S_0x55f46ec581f0 .scope module, "_34_" "NOR" 8 103, 2 20 0, S_0x55f46ec526b0;
 .timescale -7 -10;
    .port_info 0 /INPUT 1 "A";
    .port_info 1 /INPUT 1 "B";
    .port_info 2 /OUTPUT 1 "Y";
L_0x55f46ec74230 .functor OR 1, L_0x55f46ec74390, L_0x55f46ec72c70, C4<0>, C4<0>;
L_0x55f46ec742d0 .functor NOT 1, L_0x55f46ec74230, C4<0>, C4<0>, C4<0>;
v0x55f46ec58490_0 .net "A", 0 0, L_0x55f46ec74390;  1 drivers
v0x55f46ec58530_0 .net "B", 0 0, L_0x55f46ec72c70;  alias, 1 drivers
v0x55f46ec585f0_0 .net "Y", 0 0, L_0x55f46ec742d0;  alias, 1 drivers
v0x55f46ec586c0_0 .net *"_s0", 0 0, L_0x55f46ec74230;  1 drivers
S_0x55f46ec58800 .scope module, "_35_" "NOR" 8 108, 2 20 0, S_0x55f46ec526b0;
 .timescale -7 -10;
    .port_info 0 /INPUT 1 "A";
    .port_info 1 /INPUT 1 "B";
    .port_info 2 /OUTPUT 1 "Y";
L_0x55f46ec74590 .functor OR 1, L_0x55f46ec726c0, L_0x55f46ec742d0, C4<0>, C4<0>;
L_0x55f46ec5af10 .functor NOT 1, L_0x55f46ec74590, C4<0>, C4<0>, C4<0>;
v0x55f46ec58a30_0 .net "A", 0 0, L_0x55f46ec726c0;  alias, 1 drivers
v0x55f46ec58af0_0 .net "B", 0 0, L_0x55f46ec742d0;  alias, 1 drivers
v0x55f46ec58be0_0 .net "Y", 0 0, L_0x55f46ec5af10;  1 drivers
v0x55f46ec58cb0_0 .net *"_s0", 0 0, L_0x55f46ec74590;  1 drivers
S_0x55f46ec58dd0 .scope module, "_36_" "NOR" 8 113, 2 20 0, S_0x55f46ec526b0;
 .timescale -7 -10;
    .port_info 0 /INPUT 1 "A";
    .port_info 1 /INPUT 1 "B";
    .port_info 2 /OUTPUT 1 "Y";
L_0x55f46ec74830 .functor OR 1, L_0x55f46ec5a970, L_0x55f46ec72c70, C4<0>, C4<0>;
L_0x55f46ec5a900 .functor NOT 1, L_0x55f46ec74830, C4<0>, C4<0>, C4<0>;
v0x55f46ec59000_0 .net "A", 0 0, L_0x55f46ec5a970;  1 drivers
v0x55f46ec590e0_0 .net "B", 0 0, L_0x55f46ec72c70;  alias, 1 drivers
v0x55f46ec591a0_0 .net "Y", 0 0, L_0x55f46ec5a900;  alias, 1 drivers
v0x55f46ec59270_0 .net *"_s0", 0 0, L_0x55f46ec74830;  1 drivers
S_0x55f46ec593b0 .scope module, "_37_" "NOR" 8 118, 2 20 0, S_0x55f46ec526b0;
 .timescale -7 -10;
    .port_info 0 /INPUT 1 "A";
    .port_info 1 /INPUT 1 "B";
    .port_info 2 /OUTPUT 1 "Y";
L_0x55f46ec74b30 .functor OR 1, L_0x55f46ec726c0, L_0x55f46ec5a900, C4<0>, C4<0>;
L_0x55f46ec74c50 .functor NOT 1, L_0x55f46ec74b30, C4<0>, C4<0>, C4<0>;
v0x55f46ec595e0_0 .net "A", 0 0, L_0x55f46ec726c0;  alias, 1 drivers
v0x55f46ec596a0_0 .net "B", 0 0, L_0x55f46ec5a900;  alias, 1 drivers
v0x55f46ec59790_0 .net "Y", 0 0, L_0x55f46ec74c50;  1 drivers
v0x55f46ec59860_0 .net *"_s0", 0 0, L_0x55f46ec74b30;  1 drivers
S_0x55f46ec59980 .scope module, "_38_" "NOR" 8 123, 2 20 0, S_0x55f46ec526b0;
 .timescale -7 -10;
    .port_info 0 /INPUT 1 "A";
    .port_info 1 /INPUT 1 "B";
    .port_info 2 /OUTPUT 1 "Y";
L_0x55f46ec74ce0 .functor OR 1, L_0x55f46ec74e40, L_0x55f46ec72c70, C4<0>, C4<0>;
L_0x55f46ec74d80 .functor NOT 1, L_0x55f46ec74ce0, C4<0>, C4<0>, C4<0>;
v0x55f46ec59bb0_0 .net "A", 0 0, L_0x55f46ec74e40;  1 drivers
v0x55f46ec59c90_0 .net "B", 0 0, L_0x55f46ec72c70;  alias, 1 drivers
v0x55f46ec59d50_0 .net "Y", 0 0, L_0x55f46ec74d80;  alias, 1 drivers
v0x55f46ec59e20_0 .net *"_s0", 0 0, L_0x55f46ec74ce0;  1 drivers
S_0x55f46ec59f60 .scope module, "_39_" "NOR" 8 128, 2 20 0, S_0x55f46ec526b0;
 .timescale -7 -10;
    .port_info 0 /INPUT 1 "A";
    .port_info 1 /INPUT 1 "B";
    .port_info 2 /OUTPUT 1 "Y";
L_0x55f46ec74fa0 .functor OR 1, L_0x55f46ec726c0, L_0x55f46ec74d80, C4<0>, C4<0>;
L_0x55f46ec750c0 .functor NOT 1, L_0x55f46ec74fa0, C4<0>, C4<0>, C4<0>;
v0x55f46ec5a190_0 .net "A", 0 0, L_0x55f46ec726c0;  alias, 1 drivers
v0x55f46ec5a250_0 .net "B", 0 0, L_0x55f46ec74d80;  alias, 1 drivers
v0x55f46ec5a340_0 .net "Y", 0 0, L_0x55f46ec750c0;  1 drivers
v0x55f46ec5a410_0 .net *"_s0", 0 0, L_0x55f46ec74fa0;  1 drivers
S_0x55f46ec5a530 .scope module, "_40_" "NOR" 8 133, 2 20 0, S_0x55f46ec526b0;
 .timescale -7 -10;
    .port_info 0 /INPUT 1 "A";
    .port_info 1 /INPUT 1 "B";
    .port_info 2 /OUTPUT 1 "Y";
L_0x55f46ec75150 .functor OR 1, L_0x55f46ec752b0, L_0x55f46ec72c70, C4<0>, C4<0>;
L_0x55f46ec751f0 .functor NOT 1, L_0x55f46ec75150, C4<0>, C4<0>, C4<0>;
v0x55f46ec5a760_0 .net "A", 0 0, L_0x55f46ec752b0;  1 drivers
v0x55f46ec5a840_0 .net "B", 0 0, L_0x55f46ec72c70;  alias, 1 drivers
v0x55f46ec5aa10_0 .net "Y", 0 0, L_0x55f46ec751f0;  alias, 1 drivers
v0x55f46ec5aab0_0 .net *"_s0", 0 0, L_0x55f46ec75150;  1 drivers
S_0x55f46ec5ab90 .scope module, "_41_" "NOR" 8 138, 2 20 0, S_0x55f46ec526b0;
 .timescale -7 -10;
    .port_info 0 /INPUT 1 "A";
    .port_info 1 /INPUT 1 "B";
    .port_info 2 /OUTPUT 1 "Y";
L_0x55f46ec753a0 .functor OR 1, L_0x55f46ec726c0, L_0x55f46ec751f0, C4<0>, C4<0>;
L_0x55f46ec754c0 .functor NOT 1, L_0x55f46ec753a0, C4<0>, C4<0>, C4<0>;
v0x55f46ec5adc0_0 .net "A", 0 0, L_0x55f46ec726c0;  alias, 1 drivers
v0x55f46ec5af90_0 .net "B", 0 0, L_0x55f46ec751f0;  alias, 1 drivers
v0x55f46ec5b030_0 .net "Y", 0 0, L_0x55f46ec754c0;  1 drivers
v0x55f46ec5b0d0_0 .net *"_s0", 0 0, L_0x55f46ec753a0;  1 drivers
S_0x55f46ec5b1f0 .scope module, "_42_" "NOR" 8 143, 2 20 0, S_0x55f46ec526b0;
 .timescale -7 -10;
    .port_info 0 /INPUT 1 "A";
    .port_info 1 /INPUT 1 "B";
    .port_info 2 /OUTPUT 1 "Y";
L_0x55f46ec74f30 .functor OR 1, L_0x55f46ec726c0, L_0x55f46ec75a00, C4<0>, C4<0>;
L_0x55f46ec75940 .functor NOT 1, L_0x55f46ec74f30, C4<0>, C4<0>, C4<0>;
v0x55f46ec5b420_0 .net "A", 0 0, L_0x55f46ec726c0;  alias, 1 drivers
v0x55f46ec5b4e0_0 .net "B", 0 0, L_0x55f46ec75a00;  1 drivers
v0x55f46ec5b5a0_0 .net "Y", 0 0, L_0x55f46ec75940;  1 drivers
v0x55f46ec5b670_0 .net *"_s0", 0 0, L_0x55f46ec74f30;  1 drivers
S_0x55f46ec5b7d0 .scope module, "_43_" "NOR" 8 148, 2 20 0, S_0x55f46ec526b0;
 .timescale -7 -10;
    .port_info 0 /INPUT 1 "A";
    .port_info 1 /INPUT 1 "B";
    .port_info 2 /OUTPUT 1 "Y";
L_0x55f46ec75af0 .functor OR 1, L_0x55f46ec75c20, L_0x55f46ec75da0, C4<0>, C4<0>;
L_0x55f46ec75b60 .functor NOT 1, L_0x55f46ec75af0, C4<0>, C4<0>, C4<0>;
v0x55f46ec5ba00_0 .net "A", 0 0, L_0x55f46ec75c20;  1 drivers
v0x55f46ec5bae0_0 .net "B", 0 0, L_0x55f46ec75da0;  1 drivers
v0x55f46ec5bba0_0 .net "Y", 0 0, L_0x55f46ec75b60;  alias, 1 drivers
v0x55f46ec5bc70_0 .net *"_s0", 0 0, L_0x55f46ec75af0;  1 drivers
S_0x55f46ec5bdd0 .scope module, "_44_" "NOR" 8 153, 2 20 0, S_0x55f46ec526b0;
 .timescale -7 -10;
    .port_info 0 /INPUT 1 "A";
    .port_info 1 /INPUT 1 "B";
    .port_info 2 /OUTPUT 1 "Y";
L_0x55f46ec75e90 .functor OR 1, L_0x55f46ec73130, L_0x55f46ec75b60, C4<0>, C4<0>;
L_0x55f46ec75f90 .functor NOT 1, L_0x55f46ec75e90, C4<0>, C4<0>, C4<0>;
v0x55f46ec5c000_0 .net "A", 0 0, L_0x55f46ec73130;  alias, 1 drivers
v0x55f46ec5c110_0 .net "B", 0 0, L_0x55f46ec75b60;  alias, 1 drivers
v0x55f46ec5c1d0_0 .net "Y", 0 0, L_0x55f46ec75f90;  1 drivers
v0x55f46ec5c2a0_0 .net *"_s0", 0 0, L_0x55f46ec75e90;  1 drivers
S_0x55f46ec5c3c0 .scope module, "_45_" "DFF" 8 158, 2 26 0, S_0x55f46ec526b0;
 .timescale -7 -10;
    .port_info 0 /INPUT 1 "C";
    .port_info 1 /INPUT 1 "D";
    .port_info 2 /OUTPUT 1 "Q";
v0x55f46ec5c5f0_0 .net "C", 0 0, v0x55f46ec50830_0;  alias, 1 drivers
v0x55f46ec5c740_0 .net "D", 0 0, L_0x55f46ec761e0;  1 drivers
v0x55f46ec5c800_0 .var "Q", 0 0;
S_0x55f46ec5c950 .scope module, "_46_" "DFF" 8 163, 2 26 0, S_0x55f46ec526b0;
 .timescale -7 -10;
    .port_info 0 /INPUT 1 "C";
    .port_info 1 /INPUT 1 "D";
    .port_info 2 /OUTPUT 1 "Q";
v0x55f46ec5cb30_0 .net "C", 0 0, v0x55f46ec50830_0;  alias, 1 drivers
v0x55f46ec5cbf0_0 .net "D", 0 0, L_0x55f46ec76280;  1 drivers
v0x55f46ec5ccb0_0 .var "Q", 0 0;
S_0x55f46ec5ce00 .scope module, "_47_" "DFF" 8 168, 2 26 0, S_0x55f46ec526b0;
 .timescale -7 -10;
    .port_info 0 /INPUT 1 "C";
    .port_info 1 /INPUT 1 "D";
    .port_info 2 /OUTPUT 1 "Q";
v0x55f46ec5d030_0 .net "C", 0 0, v0x55f46ec50830_0;  alias, 1 drivers
v0x55f46ec5d0f0_0 .net "D", 0 0, L_0x55f46ec76140;  1 drivers
v0x55f46ec5d1b0_0 .var "Q", 0 0;
S_0x55f46ec5d300 .scope module, "_48_" "DFF" 8 173, 2 26 0, S_0x55f46ec526b0;
 .timescale -7 -10;
    .port_info 0 /INPUT 1 "C";
    .port_info 1 /INPUT 1 "D";
    .port_info 2 /OUTPUT 1 "Q";
v0x55f46ec5d530_0 .net "C", 0 0, v0x55f46ec50830_0;  alias, 1 drivers
v0x55f46ec5d5f0_0 .net "D", 0 0, L_0x55f46ec76460;  1 drivers
v0x55f46ec5d6b0_0 .var "Q", 0 0;
S_0x55f46ec5d800 .scope module, "_49_" "DFF" 8 178, 2 26 0, S_0x55f46ec526b0;
 .timescale -7 -10;
    .port_info 0 /INPUT 1 "C";
    .port_info 1 /INPUT 1 "D";
    .port_info 2 /OUTPUT 1 "Q";
v0x55f46ec5da30_0 .net "C", 0 0, v0x55f46ec50830_0;  alias, 1 drivers
v0x55f46ec5dc00_0 .net "D", 0 0, L_0x55f46ec76320;  1 drivers
v0x55f46ec5dca0_0 .var "Q", 0 0;
S_0x55f46ec5dd80 .scope module, "_50_" "DFF" 8 183, 2 26 0, S_0x55f46ec526b0;
 .timescale -7 -10;
    .port_info 0 /INPUT 1 "C";
    .port_info 1 /INPUT 1 "D";
    .port_info 2 /OUTPUT 1 "Q";
v0x55f46ec583d0_0 .net "C", 0 0, v0x55f46ec50830_0;  alias, 1 drivers
v0x55f46ec5e170_0 .net "D", 0 0, L_0x55f46ec765c0;  1 drivers
v0x55f46ec5e230_0 .var "Q", 0 0;
S_0x55f46ec5e380 .scope module, "_51_" "DFF" 8 188, 2 26 0, S_0x55f46ec526b0;
 .timescale -7 -10;
    .port_info 0 /INPUT 1 "C";
    .port_info 1 /INPUT 1 "D";
    .port_info 2 /OUTPUT 1 "Q";
v0x55f46ec5e5b0_0 .net "C", 0 0, v0x55f46ec50830_0;  alias, 1 drivers
v0x55f46ec5e670_0 .net "D", 0 0, L_0x55f46ec76500;  1 drivers
v0x55f46ec5e730_0 .var "Q", 0 0;
S_0x55f46ec5e880 .scope module, "_52_" "DFF" 8 193, 2 26 0, S_0x55f46ec526b0;
 .timescale -7 -10;
    .port_info 0 /INPUT 1 "C";
    .port_info 1 /INPUT 1 "D";
    .port_info 2 /OUTPUT 1 "Q";
v0x55f46ec5eab0_0 .net "C", 0 0, v0x55f46ec50830_0;  alias, 1 drivers
v0x55f46ec5eb70_0 .net "D", 0 0, L_0x55f46ec76840;  1 drivers
v0x55f46ec5ec30_0 .var "Q", 0 0;
S_0x55f46ec5ed80 .scope module, "_53_" "DFF" 8 198, 2 26 0, S_0x55f46ec526b0;
 .timescale -7 -10;
    .port_info 0 /INPUT 1 "C";
    .port_info 1 /INPUT 1 "D";
    .port_info 2 /OUTPUT 1 "Q";
v0x55f46ec5efb0_0 .net "C", 0 0, v0x55f46ec50830_0;  alias, 1 drivers
v0x55f46ec5f070_0 .net "D", 0 0, L_0x55f46ec76660;  1 drivers
v0x55f46ec5f130_0 .var "Q", 0 0;
S_0x55f46ec5f280 .scope module, "_54_" "DFF" 8 203, 2 26 0, S_0x55f46ec526b0;
 .timescale -7 -10;
    .port_info 0 /INPUT 1 "C";
    .port_info 1 /INPUT 1 "D";
    .port_info 2 /OUTPUT 1 "Q";
v0x55f46ec5f4b0_0 .net "C", 0 0, v0x55f46ec50830_0;  alias, 1 drivers
v0x55f46ec5f570_0 .net "D", 0 0, L_0x55f46ec768e0;  1 drivers
v0x55f46ec5f630_0 .var "Q", 0 0;
S_0x55f46ec5f780 .scope module, "_55_" "DFF" 8 208, 2 26 0, S_0x55f46ec526b0;
 .timescale -7 -10;
    .port_info 0 /INPUT 1 "C";
    .port_info 1 /INPUT 1 "D";
    .port_info 2 /OUTPUT 1 "Q";
v0x55f46ec5f9b0_0 .net "C", 0 0, v0x55f46ec50830_0;  alias, 1 drivers
v0x55f46ec5fa70_0 .net "D", 0 0, L_0x55f46ec76c70;  1 drivers
v0x55f46ec5fb30_0 .var "Q", 0 0;
    .scope S_0x55f46ec1d290;
T_0 ;
    %wait E_0x55f46ec4ea90;
    %load/vec4 v0x55f46ec4ee20_0;
    %flag_set/vec4 8;
    %jmp/0xz  T_0.0, 8;
    %pushi/vec4 1, 0, 1;
    %assign/vec4 v0x55f46ec4ec90_0, 0;
    %jmp T_0.1;
T_0.0 ;
    %load/vec4 v0x55f46ec4ed60_0;
    %flag_set/vec4 8;
    %jmp/0xz  T_0.2, 8;
    %pushi/vec4 0, 0, 1;
    %assign/vec4 v0x55f46ec4ec90_0, 0;
    %jmp T_0.3;
T_0.2 ;
    %load/vec4 v0x55f46ec4ebd0_0;
    %assign/vec4 v0x55f46ec4ec90_0, 0;
T_0.3 ;
T_0.1 ;
    %jmp T_0;
    .thread T_0;
    .scope S_0x55f46ec51050;
T_1 ;
    %wait E_0x55f46ec4f250;
    %load/vec4 v0x55f46ec52410_0;
    %inv;
    %flag_set/vec4 8;
    %jmp/0xz  T_1.0, 8;
    %pushi/vec4 0, 0, 3;
    %assign/vec4 v0x55f46ec52040_0, 0;
    %pushi/vec4 255, 0, 8;
    %assign/vec4 v0x55f46ec52370_0, 0;
    %pushi/vec4 0, 0, 2;
    %assign/vec4 v0x55f46ec52120_0, 0;
    %pushi/vec4 0, 0, 9;
    %assign/vec4 v0x55f46ec522d0_0, 0;
    %jmp T_1.1;
T_1.0 ;
    %load/vec4 v0x55f46ec52370_0;
    %cmpi/e 188, 0, 8;
    %flag_mov 8, 4;
    %jmp/0 T_1.2, 8;
    %load/vec4 v0x55f46ec52040_0;
    %addi 1, 0, 3;
    %jmp/1 T_1.3, 8;
T_1.2 ; End of true expr.
    %load/vec4 v0x55f46ec52040_0;
    %jmp/0 T_1.3, 8;
 ; End of false expr.
    %blend;
T_1.3;
    %assign/vec4 v0x55f46ec52040_0, 0;
    %load/vec4 v0x55f46ec52120_0;
    %cmpi/e 3, 0, 2;
    %flag_mov 8, 4;
    %jmp/0 T_1.4, 8;
    %pushi/vec4 0, 0, 2;
    %jmp/1 T_1.5, 8;
T_1.4 ; End of true expr.
    %load/vec4 v0x55f46ec52120_0;
    %addi 1, 0, 2;
    %jmp/0 T_1.5, 8;
 ; End of false expr.
    %blend;
T_1.5;
    %assign/vec4 v0x55f46ec52120_0, 0;
    %load/vec4 v0x55f46ec52370_0;
    %assign/vec4 v0x55f46ec52370_0, 0;
    %load/vec4 v0x55f46ec52120_0;
    %cmpi/e 3, 0, 2;
    %flag_mov 8, 4;
    %jmp/0 T_1.6, 8;
    %load/vec4 v0x55f46ec52570_0;
    %jmp/1 T_1.7, 8;
T_1.6 ; End of true expr.
    %load/vec4 v0x55f46ec522d0_0;
    %parti/s 1, 8, 5;
    %jmp/0 T_1.7, 8;
 ; End of false expr.
    %blend;
T_1.7;
    %ix/load 4, 8, 0;
    %ix/load 5, 0, 0;
    %flag_set/imm 4, 0;
    %assign/vec4/off/d v0x55f46ec522d0_0, 4, 5;
    %load/vec4 v0x55f46ec52120_0;
    %cmpi/e 3, 0, 2;
    %flag_mov 8, 4;
    %jmp/0 T_1.8, 8;
    %load/vec4 v0x55f46ec52370_0;
    %jmp/1 T_1.9, 8;
T_1.8 ; End of true expr.
    %load/vec4 v0x55f46ec522d0_0;
    %parti/s 8, 0, 2;
    %jmp/0 T_1.9, 8;
 ; End of false expr.
    %blend;
T_1.9;
    %ix/load 4, 0, 0;
    %ix/load 5, 0, 0;
    %flag_set/imm 4, 0;
    %assign/vec4/off/d v0x55f46ec522d0_0, 4, 5;
T_1.1 ;
    %jmp T_1;
    .thread T_1;
    .scope S_0x55f46ec51050;
T_2 ;
    %wait E_0x55f46ec51250;
    %load/vec4 v0x55f46ec52120_0;
    %dup/vec4;
    %pushi/vec4 0, 0, 2;
    %cmp/u;
    %jmp/1 T_2.0, 6;
    %dup/vec4;
    %pushi/vec4 1, 0, 2;
    %cmp/u;
    %jmp/1 T_2.1, 6;
    %dup/vec4;
    %pushi/vec4 2, 0, 2;
    %cmp/u;
    %jmp/1 T_2.2, 6;
    %load/vec4 v0x55f46ec524b0_0;
    %ix/load 4, 0, 0;
    %flag_set/imm 4, 0;
    %store/vec4 v0x55f46ec52370_0, 4, 2;
    %jmp T_2.4;
T_2.0 ;
    %load/vec4 v0x55f46ec524b0_0;
    %ix/load 4, 6, 0;
    %flag_set/imm 4, 0;
    %store/vec4 v0x55f46ec52370_0, 4, 2;
    %pushi/vec4 0, 0, 1;
    %ix/load 4, 5, 0;
    %flag_set/imm 4, 0;
    %store/vec4 v0x55f46ec52370_0, 4, 1;
    %jmp T_2.4;
T_2.1 ;
    %load/vec4 v0x55f46ec524b0_0;
    %ix/load 4, 4, 0;
    %flag_set/imm 4, 0;
    %store/vec4 v0x55f46ec52370_0, 4, 2;
    %pushi/vec4 0, 0, 1;
    %ix/load 4, 3, 0;
    %flag_set/imm 4, 0;
    %store/vec4 v0x55f46ec52370_0, 4, 1;
    %jmp T_2.4;
T_2.2 ;
    %load/vec4 v0x55f46ec524b0_0;
    %ix/load 4, 2, 0;
    %flag_set/imm 4, 0;
    %store/vec4 v0x55f46ec52370_0, 4, 2;
    %pushi/vec4 1, 0, 1;
    %ix/load 4, 1, 0;
    %flag_set/imm 4, 0;
    %store/vec4 v0x55f46ec52370_0, 4, 1;
    %jmp T_2.4;
T_2.4 ;
    %pop/vec4 1;
    %jmp T_2;
    .thread T_2, $push;
    .scope S_0x55f46ec5c3c0;
T_3 ;
    %wait E_0x55f46ec4f250;
    %load/vec4 v0x55f46ec5c740_0;
    %assign/vec4 v0x55f46ec5c800_0, 0;
    %jmp T_3;
    .thread T_3;
    .scope S_0x55f46ec5c950;
T_4 ;
    %wait E_0x55f46ec4f250;
    %load/vec4 v0x55f46ec5cbf0_0;
    %assign/vec4 v0x55f46ec5ccb0_0, 0;
    %jmp T_4;
    .thread T_4;
    .scope S_0x55f46ec5ce00;
T_5 ;
    %wait E_0x55f46ec4f250;
    %load/vec4 v0x55f46ec5d0f0_0;
    %assign/vec4 v0x55f46ec5d1b0_0, 0;
    %jmp T_5;
    .thread T_5;
    .scope S_0x55f46ec5d300;
T_6 ;
    %wait E_0x55f46ec4f250;
    %load/vec4 v0x55f46ec5d5f0_0;
    %assign/vec4 v0x55f46ec5d6b0_0, 0;
    %jmp T_6;
    .thread T_6;
    .scope S_0x55f46ec5d800;
T_7 ;
    %wait E_0x55f46ec4f250;
    %load/vec4 v0x55f46ec5dc00_0;
    %assign/vec4 v0x55f46ec5dca0_0, 0;
    %jmp T_7;
    .thread T_7;
    .scope S_0x55f46ec5dd80;
T_8 ;
    %wait E_0x55f46ec4f250;
    %load/vec4 v0x55f46ec5e170_0;
    %assign/vec4 v0x55f46ec5e230_0, 0;
    %jmp T_8;
    .thread T_8;
    .scope S_0x55f46ec5e380;
T_9 ;
    %wait E_0x55f46ec4f250;
    %load/vec4 v0x55f46ec5e670_0;
    %assign/vec4 v0x55f46ec5e730_0, 0;
    %jmp T_9;
    .thread T_9;
    .scope S_0x55f46ec5e880;
T_10 ;
    %wait E_0x55f46ec4f250;
    %load/vec4 v0x55f46ec5eb70_0;
    %assign/vec4 v0x55f46ec5ec30_0, 0;
    %jmp T_10;
    .thread T_10;
    .scope S_0x55f46ec5ed80;
T_11 ;
    %wait E_0x55f46ec4f250;
    %load/vec4 v0x55f46ec5f070_0;
    %assign/vec4 v0x55f46ec5f130_0, 0;
    %jmp T_11;
    .thread T_11;
    .scope S_0x55f46ec5f280;
T_12 ;
    %wait E_0x55f46ec4f250;
    %load/vec4 v0x55f46ec5f570_0;
    %assign/vec4 v0x55f46ec5f630_0, 0;
    %jmp T_12;
    .thread T_12;
    .scope S_0x55f46ec5f780;
T_13 ;
    %wait E_0x55f46ec4f250;
    %load/vec4 v0x55f46ec5fa70_0;
    %assign/vec4 v0x55f46ec5fb30_0, 0;
    %jmp T_13;
    .thread T_13;
    .scope S_0x55f46ec4efd0;
T_14 ;
    %wait E_0x55f46ec4f250;
    %load/vec4 v0x55f46ec4f8d0_0;
    %nor/r;
    %flag_set/vec4 8;
    %jmp/0xz  T_14.0, 8;
    %pushi/vec4 0, 0, 1;
    %assign/vec4 v0x55f46ec4f600_0, 0;
    %pushi/vec4 0, 0, 2;
    %assign/vec4 v0x55f46ec4f710_0, 0;
    %pushi/vec4 0, 0, 3;
    %assign/vec4 v0x55f46ec4f7f0_0, 0;
    %pushi/vec4 1, 0, 1;
    %assign/vec4 v0x55f46ec4f470_0, 0;
    %pushi/vec4 1, 0, 1;
    %assign/vec4 v0x55f46ec4f3b0_0, 0;
    %pushi/vec4 1, 0, 1;
    %assign/vec4 v0x55f46ec4f540_0, 0;
    %jmp T_14.1;
T_14.0 ;
    %load/vec4 v0x55f46ec4f600_0;
    %pad/u 32;
    %cmpi/u 1, 0, 32;
    %flag_inv 5; GE is !LT
    %jmp/0xz  T_14.2, 5;
    %load/vec4 v0x55f46ec4f470_0;
    %inv;
    %assign/vec4 v0x55f46ec4f470_0, 0;
    %pushi/vec4 0, 0, 1;
    %assign/vec4 v0x55f46ec4f600_0, 0;
    %jmp T_14.3;
T_14.2 ;
    %load/vec4 v0x55f46ec4f600_0;
    %pad/u 2;
    %addi 1, 0, 2;
    %pad/u 1;
    %assign/vec4 v0x55f46ec4f600_0, 0;
T_14.3 ;
    %load/vec4 v0x55f46ec4f710_0;
    %pad/u 32;
    %cmpi/u 3, 0, 32;
    %flag_inv 5; GE is !LT
    %jmp/0xz  T_14.4, 5;
    %load/vec4 v0x55f46ec4f3b0_0;
    %inv;
    %assign/vec4 v0x55f46ec4f3b0_0, 0;
    %pushi/vec4 0, 0, 2;
    %assign/vec4 v0x55f46ec4f710_0, 0;
    %jmp T_14.5;
T_14.4 ;
    %load/vec4 v0x55f46ec4f710_0;
    %addi 1, 0, 2;
    %assign/vec4 v0x55f46ec4f710_0, 0;
T_14.5 ;
    %load/vec4 v0x55f46ec4f7f0_0;
    %pad/u 32;
    %cmpi/u 7, 0, 32;
    %flag_inv 5; GE is !LT
    %jmp/0xz  T_14.6, 5;
    %load/vec4 v0x55f46ec4f540_0;
    %inv;
    %assign/vec4 v0x55f46ec4f540_0, 0;
    %pushi/vec4 0, 0, 3;
    %assign/vec4 v0x55f46ec4f7f0_0, 0;
    %jmp T_14.7;
T_14.6 ;
    %load/vec4 v0x55f46ec4f7f0_0;
    %addi 1, 0, 3;
    %assign/vec4 v0x55f46ec4f7f0_0, 0;
T_14.7 ;
T_14.1 ;
    %jmp T_14;
    .thread T_14;
    .scope S_0x55f46ec4fa30;
T_15 ;
    %wait E_0x55f46ec4f250;
    %load/vec4 v0x55f46ec50090_0;
    %parti/s 1, 8, 5;
    %pad/u 32;
    %cmpi/e 0, 0, 32;
    %flag_mov 8, 4;
    %jmp/0 T_15.0, 8;
    %load/vec4 v0x55f46ec4ff00_0;
    %addi 1, 0, 2;
    %jmp/1 T_15.1, 8;
T_15.0 ; End of true expr.
    %load/vec4 v0x55f46ec4ff00_0;
    %jmp/0 T_15.1, 8;
 ; End of false expr.
    %blend;
T_15.1;
    %assign/vec4 v0x55f46ec4ff00_0, 0;
    %load/vec4 v0x55f46ec50090_0;
    %parti/s 1, 8, 5;
    %pad/u 32;
    %cmpi/e 1, 0, 32;
    %flag_mov 8, 4;
    %jmp/0 T_15.2, 8;
    %load/vec4 v0x55f46ec4ffd0_0;
    %addi 1, 0, 2;
    %jmp/1 T_15.3, 8;
T_15.2 ; End of true expr.
    %load/vec4 v0x55f46ec4ffd0_0;
    %jmp/0 T_15.3, 8;
 ; End of false expr.
    %blend;
T_15.3;
    %assign/vec4 v0x55f46ec4ffd0_0, 0;
    %load/vec4 v0x55f46ec50280_0;
    %nor/r;
    %flag_set/vec4 8;
    %jmp/0xz  T_15.4, 8;
    %pushi/vec4 0, 0, 2;
    %assign/vec4 v0x55f46ec4ff00_0, 0;
    %pushi/vec4 0, 0, 2;
    %assign/vec4 v0x55f46ec4ffd0_0, 0;
T_15.4 ;
    %jmp T_15;
    .thread T_15;
    .scope S_0x55f46ec4fa30;
T_16 ;
    %wait E_0x55f46ec4fd10;
    %load/vec4 v0x55f46ec50090_0;
    %parti/s 1, 8, 5;
    %pad/u 32;
    %cmpi/e 0, 0, 32;
    %jmp/0xz  T_16.0, 4;
    %load/vec4 v0x55f46ec4ff00_0;
    %dup/vec4;
    %pushi/vec4 0, 0, 2;
    %cmp/u;
    %jmp/1 T_16.2, 6;
    %dup/vec4;
    %pushi/vec4 1, 0, 2;
    %cmp/u;
    %jmp/1 T_16.3, 6;
    %dup/vec4;
    %pushi/vec4 2, 0, 2;
    %cmp/u;
    %jmp/1 T_16.4, 6;
    %pushi/vec4 0, 0, 2;
    %store/vec4 v0x55f46ec50320_0, 0, 2;
    %jmp T_16.6;
T_16.2 ;
    %pushi/vec4 2, 0, 2;
    %store/vec4 v0x55f46ec50320_0, 0, 2;
    %jmp T_16.6;
T_16.3 ;
    %pushi/vec4 3, 0, 2;
    %store/vec4 v0x55f46ec50320_0, 0, 2;
    %jmp T_16.6;
T_16.4 ;
    %pushi/vec4 3, 0, 2;
    %store/vec4 v0x55f46ec50320_0, 0, 2;
    %jmp T_16.6;
T_16.6 ;
    %pop/vec4 1;
    %jmp T_16.1;
T_16.0 ;
    %load/vec4 v0x55f46ec4ffd0_0;
    %dup/vec4;
    %pushi/vec4 0, 0, 2;
    %cmp/u;
    %jmp/1 T_16.7, 6;
    %dup/vec4;
    %pushi/vec4 1, 0, 2;
    %cmp/u;
    %jmp/1 T_16.8, 6;
    %dup/vec4;
    %pushi/vec4 2, 0, 2;
    %cmp/u;
    %jmp/1 T_16.9, 6;
    %load/vec4 v0x55f46ec50090_0;
    %parti/s 1, 1, 2;
    %ix/load 4, 1, 0;
    %flag_set/imm 4, 0;
    %store/vec4 v0x55f46ec50320_0, 4, 1;
    %load/vec4 v0x55f46ec50090_0;
    %parti/s 1, 0, 2;
    %ix/load 4, 0, 0;
    %flag_set/imm 4, 0;
    %store/vec4 v0x55f46ec50320_0, 4, 1;
    %jmp T_16.11;
T_16.7 ;
    %load/vec4 v0x55f46ec50090_0;
    %parti/s 1, 7, 4;
    %ix/load 4, 1, 0;
    %flag_set/imm 4, 0;
    %store/vec4 v0x55f46ec50320_0, 4, 1;
    %load/vec4 v0x55f46ec50090_0;
    %parti/s 1, 6, 4;
    %ix/load 4, 0, 0;
    %flag_set/imm 4, 0;
    %store/vec4 v0x55f46ec50320_0, 4, 1;
    %jmp T_16.11;
T_16.8 ;
    %load/vec4 v0x55f46ec50090_0;
    %parti/s 1, 5, 4;
    %ix/load 4, 1, 0;
    %flag_set/imm 4, 0;
    %store/vec4 v0x55f46ec50320_0, 4, 1;
    %load/vec4 v0x55f46ec50090_0;
    %parti/s 1, 4, 4;
    %ix/load 4, 0, 0;
    %flag_set/imm 4, 0;
    %store/vec4 v0x55f46ec50320_0, 4, 1;
    %jmp T_16.11;
T_16.9 ;
    %load/vec4 v0x55f46ec50090_0;
    %parti/s 1, 3, 3;
    %ix/load 4, 1, 0;
    %flag_set/imm 4, 0;
    %store/vec4 v0x55f46ec50320_0, 4, 1;
    %load/vec4 v0x55f46ec50090_0;
    %parti/s 1, 2, 3;
    %ix/load 4, 0, 0;
    %flag_set/imm 4, 0;
    %store/vec4 v0x55f46ec50320_0, 4, 1;
    %jmp T_16.11;
T_16.11 ;
    %pop/vec4 1;
T_16.1 ;
    %jmp T_16;
    .thread T_16, $push;
    .scope S_0x55f46ec504e0;
T_17 ;
    %pushi/vec4 0, 0, 1;
    %assign/vec4 v0x55f46ec50830_0, 0;
    %end;
    .thread T_17;
    .scope S_0x55f46ec504e0;
T_18 ;
    %delay 500000, 0;
    %load/vec4 v0x55f46ec50830_0;
    %inv;
    %assign/vec4 v0x55f46ec50830_0, 0;
    %jmp T_18;
    .thread T_18;
    .scope S_0x55f46ec504e0;
T_19 ;
    %vpi_call 6 18 "$dumpfile", "SerialParalelo.vcd" {0 0 0};
    %vpi_call 6 19 "$dumpvars" {0 0 0};
    %pushi/vec4 1, 0, 1;
    %store/vec4 v0x55f46ec50af0_0, 0, 1;
    %pushi/vec4 0, 0, 1;
    %store/vec4 v0x55f46ec50bc0_0, 0, 1;
    %wait E_0x55f46ec4f250;
    %pushi/vec4 1, 0, 1;
    %assign/vec4 v0x55f46ec50bc0_0, 0;
    %wait E_0x55f46ec4fc30;
    %pushi/vec4 255, 0, 9;
    %assign/vec4 v0x55f46ec50a50_0, 0;
    %wait E_0x55f46ec4fc30;
    %pushi/vec4 85, 0, 9;
    %assign/vec4 v0x55f46ec50a50_0, 0;
    %pushi/vec4 0, 0, 1;
    %assign/vec4 v0x55f46ec50af0_0, 0;
    %wait E_0x55f46ec4fc30;
    %pushi/vec4 256, 0, 9;
    %assign/vec4 v0x55f46ec50a50_0, 0;
    %wait E_0x55f46ec4fc30;
    %pushi/vec4 255, 0, 9;
    %assign/vec4 v0x55f46ec50a50_0, 0;
    %wait E_0x55f46ec4fc30;
    %pushi/vec4 85, 0, 9;
    %assign/vec4 v0x55f46ec50a50_0, 0;
    %wait E_0x55f46ec4fc30;
    %pushi/vec4 304, 0, 9;
    %assign/vec4 v0x55f46ec50a50_0, 0;
    %wait E_0x55f46ec4fc30;
    %pushi/vec4 496, 0, 9;
    %assign/vec4 v0x55f46ec50a50_0, 0;
    %pushi/vec4 2, 0, 32;
T_19.0 %dup/vec4;
    %pushi/vec4 0, 0, 32;
    %cmp/s;
    %jmp/1xz T_19.1, 5;
    %jmp/1 T_19.1, 4;
    %pushi/vec4 1, 0, 32;
    %sub;
    %wait E_0x55f46ec4fc30;
    %jmp T_19.0;
T_19.1 ;
    %pop/vec4 1;
    %vpi_call 6 72 "$finish" {0 0 0};
    %end;
    .thread T_19;
# The file index is used to find the file name in the following table.
:file_names 9;
    "N/A";
    "<interactive>";
    "./cmos_cells.v";
    "ParaleloSerial_BancoDePruebas.v";
    "./ClkGenerator.v";
    "./test.v";
    "./ParaleloSerial_Probador.v";
    "./main.v";
    "./mainSynth.v";
